{"meta": {"format": 3, "version": "7.15.2", "timestamp": "2026-07-29T11:18:12.602069", "branch_coverage": true, "show_contexts": false}, "files": {"src/site_intelligence/__init__.py": {"executed_lines": [3, 4], "summary": {"covered_lines": 2, "num_statements": 2, "percent_covered": 100.0, "percent_covered_display": "100", "missing_lines": 0, "excluded_lines": 0, "percent_statements_covered": 100.0, "percent_statements_covered_display": "100", "num_branches": 0, "num_partial_branches": 0, "covered_branches": 0, "missing_branches": 0, "percent_branches_covered": 100.0, "percent_branches_covered_display": "100"}, "missing_lines": [], "excluded_lines": [], "executed_branches": [], "missing_branches": [], "functions": {"": {"executed_lines": [3, 4], "summary": {"covered_lines": 2, "num_statements": 2, "percent_covered": 100.0, "percent_covered_display": "100", "missing_lines": 0, "excluded_lines": 0, "percent_statements_covered": 100.0, "percent_statements_covered_display": "100", "num_branches": 0, "num_partial_branches": 0, "covered_branches": 0, "missing_branches": 0, "percent_branches_covered": 100.0, "percent_branches_covered_display": "100"}, "missing_lines": [], "excluded_lines": [], "start_line": 1, "executed_branches": [], "missing_branches": []}}, "classes": {"": {"executed_lines": [3, 4], "summary": {"covered_lines": 2, "num_statements": 2, "percent_covered": 100.0, "percent_covered_display": "100", "missing_lines": 0, "excluded_lines": 0, "percent_statements_covered": 100.0, "percent_statements_covered_display": "100", "num_branches": 0, "num_partial_branches": 0, "covered_branches": 0, "missing_branches": 0, "percent_branches_covered": 100.0, "percent_branches_covered_display": "100"}, "missing_lines": [], "excluded_lines": [], "start_line": 1, "executed_branches": [], "missing_branches": []}}}, "src/site_intelligence/accessibility.py": {"executed_lines": [3, 5, 7, 8, 9, 10, 11, 12, 14, 15, 16, 19, 20, 21, 22, 23, 24, 25, 26, 29, 30, 31, 32, 33, 36, 45, 46, 47, 48, 49, 50, 51, 55, 56, 57, 58, 59, 62, 65, 69, 76, 79, 80, 89, 90, 91, 92, 93, 105, 108, 118, 119, 125, 126, 127, 128, 138, 149, 150, 151, 152, 153, 154, 155, 156, 157, 158, 159, 160, 169, 170, 171, 172, 173, 174, 177, 185, 186, 187, 188, 189], "summary": {"covered_lines": 81, "num_statements": 83, "percent_covered": 97.0873786407767, "percent_covered_display": "97", "missing_lines": 2, "excluded_lines": 0, "percent_statements_covered": 97.59036144578313, "percent_statements_covered_display": "98", "num_branches": 20, "num_partial_branches": 1, "covered_branches": 19, "missing_branches": 1, "percent_branches_covered": 95.0, "percent_branches_covered_display": "95"}, "missing_lines": [94, 97], "excluded_lines": [], "executed_branches": [[50, 51], [50, 55], [55, 56], [55, 89], [56, 55], [56, 57], [57, 58], [57, 59], [89, 90], [89, 105], [92, 93], [153, 154], [153, 173], [156, 153], [156, 157], [157, 156], [157, 158], [170, 157], [170, 171]], "missing_branches": [[92, 94]], "functions": {"_nearest_cell": {"executed_lines": [30, 31, 32, 33], "summary": {"covered_lines": 4, "num_statements": 4, "percent_covered": 100.0, "percent_covered_display": "100", "missing_lines": 0, "excluded_lines": 0, "percent_statements_covered": 100.0, "percent_statements_covered_display": "100", "num_branches": 0, "num_partial_branches": 0, "covered_branches": 0, "missing_branches": 0, "percent_branches_covered": 100.0, "percent_branches_covered_display": "100"}, "missing_lines": [], "excluded_lines": [], "start_line": 29, "executed_branches": [], "missing_branches": []}, "build_transport_graph": {"executed_lines": [45, 46, 47, 48, 49, 50, 51, 55, 56, 57, 58, 59, 62, 65, 69, 76, 79, 80, 89, 90, 91, 92, 93, 105], "summary": {"covered_lines": 24, "num_statements": 26, "percent_covered": 92.10526315789474, "percent_covered_display": "92", "missing_lines": 2, "excluded_lines": 0, "percent_statements_covered": 92.3076923076923, "percent_statements_covered_display": "92", "num_branches": 12, "num_partial_branches": 1, "covered_branches": 11, "missing_branches": 1, "percent_branches_covered": 91.66666666666667, "percent_branches_covered_display": "92"}, "missing_lines": [94, 97], "excluded_lines": [], "start_line": 36, "executed_branches": [[50, 51], [50, 55], [55, 56], [55, 89], [56, 55], [56, 57], [57, 58], [57, 59], [89, 90], [89, 105], [92, 93]], "missing_branches": [[92, 94]]}, "reachable": {"executed_lines": [118, 119, 125, 126, 127, 128], "summary": {"covered_lines": 6, "num_statements": 6, "percent_covered": 100.0, "percent_covered_display": "100", "missing_lines": 0, "excluded_lines": 0, "percent_statements_covered": 100.0, "percent_statements_covered_display": "100", "num_branches": 0, "num_partial_branches": 0, "covered_branches": 0, "missing_branches": 0, "percent_branches_covered": 100.0, "percent_branches_covered_display": "100"}, "missing_lines": [], "excluded_lines": [], "start_line": 108, "executed_branches": [], "missing_branches": []}, "calculate_location_reachability": {"executed_lines": [149, 150, 151, 152, 153, 154, 155, 156, 157, 158, 159, 160, 169, 170, 171, 172, 173, 174], "summary": {"covered_lines": 18, "num_statements": 18, "percent_covered": 100.0, "percent_covered_display": "100", "missing_lines": 0, "excluded_lines": 0, "percent_statements_covered": 100.0, "percent_statements_covered_display": "100", "num_branches": 8, "num_partial_branches": 0, "covered_branches": 8, "missing_branches": 0, "percent_branches_covered": 100.0, "percent_branches_covered_display": "100"}, "missing_lines": [], "excluded_lines": [], "start_line": 138, "executed_branches": [[153, 154], [153, 173], [156, 153], [156, 157], [157, 156], [157, 158], [170, 157], [170, 171]], "missing_branches": []}, "euclidean_population": {"executed_lines": [185, 186, 187, 188, 189], "summary": {"covered_lines": 5, "num_statements": 5, "percent_covered": 100.0, "percent_covered_display": "100", "missing_lines": 0, "excluded_lines": 0, "percent_statements_covered": 100.0, "percent_statements_covered_display": "100", "num_branches": 0, "num_partial_branches": 0, "covered_branches": 0, "missing_branches": 0, "percent_branches_covered": 100.0, "percent_branches_covered_display": "100"}, "missing_lines": [], "excluded_lines": [], "start_line": 177, "executed_branches": [], "missing_branches": []}, "": {"executed_lines": [3, 5, 7, 8, 9, 10, 11, 12, 14, 15, 16, 19, 20, 21, 22, 23, 24, 25, 26, 29, 36, 108, 138, 177], "summary": {"covered_lines": 24, "num_statements": 24, "percent_covered": 100.0, "percent_covered_display": "100", "missing_lines": 0, "excluded_lines": 0, "percent_statements_covered": 100.0, "percent_statements_covered_display": "100", "num_branches": 0, "num_partial_branches": 0, "covered_branches": 0, "missing_branches": 0, "percent_branches_covered": 100.0, "percent_branches_covered_display": "100"}, "missing_lines": [], "excluded_lines": [], "start_line": 1, "executed_branches": [], "missing_branches": []}}, "classes": {"Reachability": {"executed_lines": [], "summary": {"covered_lines": 0, "num_statements": 0, "percent_covered": 100.0, "percent_covered_display": "100", "missing_lines": 0, "excluded_lines": 0, "percent_statements_covered": 100.0, "percent_statements_covered_display": "100", "num_branches": 0, "num_partial_branches": 0, "covered_branches": 0, "missing_branches": 0, "percent_branches_covered": 100.0, "percent_branches_covered_display": "100"}, "missing_lines": [], "excluded_lines": [], "start_line": 20, "executed_branches": [], "missing_branches": []}, "": {"executed_lines": [3, 5, 7, 8, 9, 10, 11, 12, 14, 15, 16, 19, 20, 21, 22, 23, 24, 25, 26, 29, 30, 31, 32, 33, 36, 45, 46, 47, 48, 49, 50, 51, 55, 56, 57, 58, 59, 62, 65, 69, 76, 79, 80, 89, 90, 91, 92, 93, 105, 108, 118, 119, 125, 126, 127, 128, 138, 149, 150, 151, 152, 153, 154, 155, 156, 157, 158, 159, 160, 169, 170, 171, 172, 173, 174, 177, 185, 186, 187, 188, 189], "summary": {"covered_lines": 81, "num_statements": 83, "percent_covered": 97.0873786407767, "percent_covered_display": "97", "missing_lines": 2, "excluded_lines": 0, "percent_statements_covered": 97.59036144578313, "percent_statements_covered_display": "98", "num_branches": 20, "num_partial_branches": 1, "covered_branches": 19, "missing_branches": 1, "percent_branches_covered": 95.0, "percent_branches_covered_display": "95"}, "missing_lines": [94, 97], "excluded_lines": [], "start_line": 1, "executed_branches": [[50, 51], [50, 55], [55, 56], [55, 89], [56, 55], [56, 57], [57, 58], [57, 59], [89, 90], [89, 105], [92, 93], [153, 154], [153, 173], [156, 153], [156, 157], [157, 156], [157, 158], [170, 157], [170, 171]], "missing_branches": [[92, 94]]}}}, "src/site_intelligence/api/__init__.py": {"executed_lines": [], "summary": {"covered_lines": 0, "num_statements": 0, "percent_covered": 100.0, "percent_covered_display": "100", "missing_lines": 0, "excluded_lines": 0, "percent_statements_covered": 100.0, "percent_statements_covered_display": "100", "num_branches": 0, "num_partial_branches": 0, "covered_branches": 0, "missing_branches": 0, "percent_branches_covered": 100.0, "percent_branches_covered_display": "100"}, "missing_lines": [], "excluded_lines": [], "executed_branches": [], "missing_branches": [], "functions": {"": {"executed_lines": [], "summary": {"covered_lines": 0, "num_statements": 0, "percent_covered": 100.0, "percent_covered_display": "100", "missing_lines": 0, "excluded_lines": 0, "percent_statements_covered": 100.0, "percent_statements_covered_display": "100", "num_branches": 0, "num_partial_branches": 0, "covered_branches": 0, "missing_branches": 0, "percent_branches_covered": 100.0, "percent_branches_covered_display": "100"}, "missing_lines": [], "excluded_lines": [], "start_line": 1, "executed_branches": [], "missing_branches": []}}, "classes": {"": {"executed_lines": [], "summary": {"covered_lines": 0, "num_statements": 0, "percent_covered": 100.0, "percent_covered_display": "100", "missing_lines": 0, "excluded_lines": 0, "percent_statements_covered": 100.0, "percent_statements_covered_display": "100", "num_branches": 0, "num_partial_branches": 0, "covered_branches": 0, "missing_branches": 0, "percent_branches_covered": 100.0, "percent_branches_covered_display": "100"}, "missing_lines": [], "excluded_lines": [], "start_line": 1, "executed_branches": [], "missing_branches": []}}}, "src/site_intelligence/api/schemas.py": {"executed_lines": [3, 5, 7, 9, 12, 13, 14, 16, 17, 18, 19, 20, 22, 24, 27, 28, 31, 32, 33, 34, 35], "summary": {"covered_lines": 21, "num_statements": 23, "percent_covered": 86.20689655172414, "percent_covered_display": "86", "missing_lines": 2, "excluded_lines": 0, "percent_statements_covered": 91.30434782608695, "percent_statements_covered_display": "91", "num_branches": 6, "num_partial_branches": 2, "covered_branches": 4, "missing_branches": 2, "percent_branches_covered": 66.66666666666667, "percent_branches_covered_display": "67"}, "missing_lines": [21, 23], "excluded_lines": [], "executed_branches": [[18, 19], [18, 20], [20, 22], [22, 24]], "missing_branches": [[20, 21], [22, 23]], "functions": {"ScoreRequest.validate_weights": {"executed_lines": [18, 19, 20, 22, 24], "summary": {"covered_lines": 5, "num_statements": 7, "percent_covered": 69.23076923076923, "percent_covered_display": "69", "missing_lines": 2, "excluded_lines": 0, "percent_statements_covered": 71.42857142857143, "percent_statements_covered_display": "71", "num_branches": 6, "num_partial_branches": 2, "covered_branches": 4, "missing_branches": 2, "percent_branches_covered": 66.66666666666667, "percent_branches_covered_display": "67"}, "missing_lines": [21, 23], "excluded_lines": [], "start_line": 17, "executed_branches": [[18, 19], [18, 20], [20, 22], [22, 24]], "missing_branches": [[20, 21], [22, 23]]}, "": {"executed_lines": [3, 5, 7, 9, 12, 13, 14, 16, 17, 27, 28, 31, 32, 33, 34, 35], "summary": {"covered_lines": 16, "num_statements": 16, "percent_covered": 100.0, "percent_covered_display": "100", "missing_lines": 0, "excluded_lines": 0, "percent_statements_covered": 100.0, "percent_statements_covered_display": "100", "num_branches": 0, "num_partial_branches": 0, "covered_branches": 0, "missing_branches": 0, "percent_branches_covered": 100.0, "percent_branches_covered_display": "100"}, "missing_lines": [], "excluded_lines": [], "start_line": 1, "executed_branches": [], "missing_branches": []}}, "classes": {"ScoreRequest": {"executed_lines": [18, 19, 20, 22, 24], "summary": {"covered_lines": 5, "num_statements": 7, "percent_covered": 69.23076923076923, "percent_covered_display": "69", "missing_lines": 2, "excluded_lines": 0, "percent_statements_covered": 71.42857142857143, "percent_statements_covered_display": "71", "num_branches": 6, "num_partial_branches": 2, "covered_branches": 4, "missing_branches": 2, "percent_branches_covered": 66.66666666666667, "percent_branches_covered_display": "67"}, "missing_lines": [21, 23], "excluded_lines": [], "start_line": 12, "executed_branches": [[18, 19], [18, 20], [20, 22], [22, 24]], "missing_branches": [[20, 21], [22, 23]]}, "ScenarioRequest": {"executed_lines": [], "summary": {"covered_lines": 0, "num_statements": 0, "percent_covered": 100.0, "percent_covered_display": "100", "missing_lines": 0, "excluded_lines": 0, "percent_statements_covered": 100.0, "percent_statements_covered_display": "100", "num_branches": 0, "num_partial_branches": 0, "covered_branches": 0, "missing_branches": 0, "percent_branches_covered": 100.0, "percent_branches_covered_display": "100"}, "missing_lines": [], "excluded_lines": [], "start_line": 27, "executed_branches": [], "missing_branches": []}, "HealthResponse": {"executed_lines": [], "summary": {"covered_lines": 0, "num_statements": 0, "percent_covered": 100.0, "percent_covered_display": "100", "missing_lines": 0, "excluded_lines": 0, "percent_statements_covered": 100.0, "percent_statements_covered_display": "100", "num_branches": 0, "num_partial_branches": 0, "covered_branches": 0, "missing_branches": 0, "percent_branches_covered": 100.0, "percent_branches_covered_display": "100"}, "missing_lines": [], "excluded_lines": [], "start_line": 31, "executed_branches": [], "missing_branches": []}, "": {"executed_lines": [3, 5, 7, 9, 12, 13, 14, 16, 17, 27, 28, 31, 32, 33, 34, 35], "summary": {"covered_lines": 16, "num_statements": 16, "percent_covered": 100.0, "percent_covered_display": "100", "missing_lines": 0, "excluded_lines": 0, "percent_statements_covered": 100.0, "percent_statements_covered_display": "100", "num_branches": 0, "num_partial_branches": 0, "covered_branches": 0, "missing_branches": 0, "percent_branches_covered": 100.0, "percent_branches_covered_display": "100"}, "missing_lines": [], "excluded_lines": [], "start_line": 1, "executed_branches": [], "missing_branches": []}}}, "src/site_intelligence/catalog.py": {"executed_lines": [3, 5, 26, 53, 66], "summary": {"covered_lines": 5, "num_statements": 5, "percent_covered": 100.0, "percent_covered_display": "100", "missing_lines": 0, "excluded_lines": 0, "percent_statements_covered": 100.0, "percent_statements_covered_display": "100", "num_branches": 0, "num_partial_branches": 0, "covered_branches": 0, "missing_branches": 0, "percent_branches_covered": 100.0, "percent_branches_covered_display": "100"}, "missing_lines": [], "excluded_lines": [], "executed_branches": [], "missing_branches": [], "functions": {"": {"executed_lines": [3, 5, 26, 53, 66], "summary": {"covered_lines": 5, "num_statements": 5, "percent_covered": 100.0, "percent_covered_display": "100", "missing_lines": 0, "excluded_lines": 0, "percent_statements_covered": 100.0, "percent_statements_covered_display": "100", "num_branches": 0, "num_partial_branches": 0, "covered_branches": 0, "missing_branches": 0, "percent_branches_covered": 100.0, "percent_branches_covered_display": "100"}, "missing_lines": [], "excluded_lines": [], "start_line": 1, "executed_branches": [], "missing_branches": []}}, "classes": {"": {"executed_lines": [3, 5, 26, 53, 66], "summary": {"covered_lines": 5, "num_statements": 5, "percent_covered": 100.0, "percent_covered_display": "100", "missing_lines": 0, "excluded_lines": 0, "percent_statements_covered": 100.0, "percent_statements_covered_display": "100", "num_branches": 0, "num_partial_branches": 0, "covered_branches": 0, "missing_branches": 0, "percent_branches_covered": 100.0, "percent_branches_covered_display": "100"}, "missing_lines": [], "excluded_lines": [], "start_line": 1, "executed_branches": [], "missing_branches": []}}}, "src/site_intelligence/config.py": {"executed_lines": [3, 5, 6, 7, 9, 12, 13, 16, 17, 18, 19, 21, 22, 23, 24, 31, 32, 43, 46, 49, 50, 51, 53], "summary": {"covered_lines": 23, "num_statements": 24, "percent_covered": 92.85714285714286, "percent_covered_display": "93", "missing_lines": 1, "excluded_lines": 0, "percent_statements_covered": 95.83333333333333, "percent_statements_covered_display": "96", "num_branches": 4, "num_partial_branches": 1, "covered_branches": 3, "missing_branches": 1, "percent_branches_covered": 75.0, "percent_branches_covered_display": "75"}, "missing_lines": [52], "excluded_lines": [], "executed_branches": [[32, -31], [32, 43], [51, 53]], "missing_branches": [[51, 52]], "functions": {"ProjectPaths.from_root": {"executed_lines": [23, 24], "summary": {"covered_lines": 2, "num_statements": 2, "percent_covered": 100.0, "percent_covered_display": "100", "missing_lines": 0, "excluded_lines": 0, "percent_statements_covered": 100.0, "percent_statements_covered_display": "100", "num_branches": 0, "num_partial_branches": 0, "covered_branches": 0, "missing_branches": 0, "percent_branches_covered": 100.0, "percent_branches_covered_display": "100"}, "missing_lines": [], "excluded_lines": [], "start_line": 22, "executed_branches": [], "missing_branches": []}, "ProjectPaths.ensure": {"executed_lines": [32, 43], "summary": {"covered_lines": 2, "num_statements": 2, "percent_covered": 100.0, "percent_covered_display": "100", "missing_lines": 0, "excluded_lines": 0, "percent_statements_covered": 100.0, "percent_statements_covered_display": "100", "num_branches": 2, "num_partial_branches": 0, "covered_branches": 2, "missing_branches": 0, "percent_branches_covered": 100.0, "percent_branches_covered_display": "100"}, "missing_lines": [], "excluded_lines": [], "start_line": 31, "executed_branches": [[32, -31], [32, 43]], "missing_branches": []}, "load_config": {"executed_lines": [49, 50, 51, 53], "summary": {"covered_lines": 4, "num_statements": 5, "percent_covered": 71.42857142857143, "percent_covered_display": "71", "missing_lines": 1, "excluded_lines": 0, "percent_statements_covered": 80.0, "percent_statements_covered_display": "80", "num_branches": 2, "num_partial_branches": 1, "covered_branches": 1, "missing_branches": 1, "percent_branches_covered": 50.0, "percent_branches_covered_display": "50"}, "missing_lines": [52], "excluded_lines": [], "start_line": 46, "executed_branches": [[51, 53]], "missing_branches": [[51, 52]]}, "": {"executed_lines": [3, 5, 6, 7, 9, 12, 13, 16, 17, 18, 19, 21, 22, 31, 46], "summary": {"covered_lines": 15, "num_statements": 15, "percent_covered": 100.0, "percent_covered_display": "100", "missing_lines": 0, "excluded_lines": 0, "percent_statements_covered": 100.0, "percent_statements_covered_display": "100", "num_branches": 0, "num_partial_branches": 0, "covered_branches": 0, "missing_branches": 0, "percent_branches_covered": 100.0, "percent_branches_covered_display": "100"}, "missing_lines": [], "excluded_lines": [], "start_line": 1, "executed_branches": [], "missing_branches": []}}, "classes": {"ProjectPaths": {"executed_lines": [23, 24, 32, 43], "summary": {"covered_lines": 4, "num_statements": 4, "percent_covered": 100.0, "percent_covered_display": "100", "missing_lines": 0, "excluded_lines": 0, "percent_statements_covered": 100.0, "percent_statements_covered_display": "100", "num_branches": 2, "num_partial_branches": 0, "covered_branches": 2, "missing_branches": 0, "percent_branches_covered": 100.0, "percent_branches_covered_display": "100"}, "missing_lines": [], "excluded_lines": [], "start_line": 13, "executed_branches": [[32, -31], [32, 43]], "missing_branches": []}, "": {"executed_lines": [3, 5, 6, 7, 9, 12, 13, 16, 17, 18, 19, 21, 22, 31, 46, 49, 50, 51, 53], "summary": {"covered_lines": 19, "num_statements": 20, "percent_covered": 90.9090909090909, "percent_covered_display": "91", "missing_lines": 1, "excluded_lines": 0, "percent_statements_covered": 95.0, "percent_statements_covered_display": "95", "num_branches": 2, "num_partial_branches": 1, "covered_branches": 1, "missing_branches": 1, "percent_branches_covered": 50.0, "percent_branches_covered_display": "50"}, "missing_lines": [52], "excluded_lines": [], "start_line": 1, "executed_branches": [[51, 53]], "missing_branches": [[51, 52]]}}}, "src/site_intelligence/constants.py": {"executed_lines": [3, 5, 17, 28, 29], "summary": {"covered_lines": 5, "num_statements": 5, "percent_covered": 100.0, "percent_covered_display": "100", "missing_lines": 0, "excluded_lines": 0, "percent_statements_covered": 100.0, "percent_statements_covered_display": "100", "num_branches": 0, "num_partial_branches": 0, "covered_branches": 0, "missing_branches": 0, "percent_branches_covered": 100.0, "percent_branches_covered_display": "100"}, "missing_lines": [], "excluded_lines": [], "executed_branches": [], "missing_branches": [], "functions": {"": {"executed_lines": [3, 5, 17, 28, 29], "summary": {"covered_lines": 5, "num_statements": 5, "percent_covered": 100.0, "percent_covered_display": "100", "missing_lines": 0, "excluded_lines": 0, "percent_statements_covered": 100.0, "percent_statements_covered_display": "100", "num_branches": 0, "num_partial_branches": 0, "covered_branches": 0, "missing_branches": 0, "percent_branches_covered": 100.0, "percent_branches_covered_display": "100"}, "missing_lines": [], "excluded_lines": [], "start_line": 1, "executed_branches": [], "missing_branches": []}}, "classes": {"": {"executed_lines": [3, 5, 17, 28, 29], "summary": {"covered_lines": 5, "num_statements": 5, "percent_covered": 100.0, "percent_covered_display": "100", "missing_lines": 0, "excluded_lines": 0, "percent_statements_covered": 100.0, "percent_statements_covered_display": "100", "num_branches": 0, "num_partial_branches": 0, "covered_branches": 0, "missing_branches": 0, "percent_branches_covered": 100.0, "percent_branches_covered_display": "100"}, "missing_lines": [], "excluded_lines": [], "start_line": 1, "executed_branches": [], "missing_branches": []}}}, "src/site_intelligence/data_generation.py": {"executed_lines": [3, 5, 6, 8, 9, 10, 11, 12, 14, 15, 16, 19, 22, 33, 42, 52, 53, 60, 61, 62, 63, 66, 67, 68, 69, 70, 71, 72, 80, 81, 82, 83, 84, 85, 86, 87, 88, 89, 91, 92, 100, 103, 104, 105, 106, 108, 109, 110, 111, 112, 113, 114, 115, 116, 117, 118, 119, 120, 121, 122, 123, 124, 143, 145, 146, 147, 148, 149, 150, 151, 158, 161, 165, 166, 173, 176, 180, 181, 182, 183, 184, 185, 188, 191, 195, 196, 197, 198, 199, 202, 205, 206, 207, 208, 209, 210, 211, 212, 213, 214, 224, 237, 240, 241, 242, 243, 244, 245, 246, 247, 248, 249, 250, 251, 256, 266, 272, 275], "summary": {"covered_lines": 118, "num_statements": 119, "percent_covered": 98.49624060150376, "percent_covered_display": "98", "missing_lines": 1, "excluded_lines": 0, "percent_statements_covered": 99.15966386554622, "percent_statements_covered_display": "99", "num_branches": 14, "num_partial_branches": 1, "covered_branches": 13, "missing_branches": 1, "percent_branches_covered": 92.85714285714286, "percent_branches_covered_display": "93"}, "missing_lines": [90], "excluded_lines": [], "executed_branches": [[72, 80], [72, 89], [89, 91], [105, 106], [105, 108], [111, 112], [111, 145], [147, 148], [147, 158], [209, 210], [209, 224], [244, 245], [244, 266]], "missing_branches": [[89, 90]], "functions": {"metropolitan_footprint": {"executed_lines": [22, 33, 42, 52, 53], "summary": {"covered_lines": 5, "num_statements": 5, "percent_covered": 100.0, "percent_covered_display": "100", "missing_lines": 0, "excluded_lines": 0, "percent_statements_covered": 100.0, "percent_statements_covered_display": "100", "num_branches": 0, "num_partial_branches": 0, "covered_branches": 0, "missing_branches": 0, "percent_branches_covered": 100.0, "percent_branches_covered_display": "100"}, "missing_lines": [], "excluded_lines": [], "start_line": 19, "executed_branches": [], "missing_branches": []}, "_stable_noise": {"executed_lines": [61, 62, 63], "summary": {"covered_lines": 3, "num_statements": 3, "percent_covered": 100.0, "percent_covered_display": "100", "missing_lines": 0, "excluded_lines": 0, "percent_statements_covered": 100.0, "percent_statements_covered_display": "100", "num_branches": 0, "num_partial_branches": 0, "covered_branches": 0, "missing_branches": 0, "percent_branches_covered": 100.0, "percent_branches_covered_display": "100"}, "missing_lines": [], "excluded_lines": [], "start_line": 60, "executed_branches": [], "missing_branches": []}, "_anchor_surfaces": {"executed_lines": [67, 68, 69, 70, 71, 72, 80, 81, 82, 83, 84, 85, 86, 87, 88, 89, 91, 92], "summary": {"covered_lines": 18, "num_statements": 19, "percent_covered": 91.30434782608695, "percent_covered_display": "91", "missing_lines": 1, "excluded_lines": 0, "percent_statements_covered": 94.73684210526316, "percent_statements_covered_display": "95", "num_branches": 4, "num_partial_branches": 1, "covered_branches": 3, "missing_branches": 1, "percent_branches_covered": 75.0, "percent_branches_covered_display": "75"}, "missing_lines": [90], "excluded_lines": [], "start_line": 66, "executed_branches": [[72, 80], [72, 89], [89, 91]], "missing_branches": [[89, 90]]}, "generate_h3_grid": {"executed_lines": [103, 104, 105, 106, 108, 109, 110, 111, 112, 113, 114, 115, 116, 117, 118, 119, 120, 121, 122, 123, 124, 143, 145, 146, 147, 148, 149, 150, 151, 158], "summary": {"covered_lines": 30, "num_statements": 30, "percent_covered": 100.0, "percent_covered_display": "100", "missing_lines": 0, "excluded_lines": 0, "percent_statements_covered": 100.0, "percent_statements_covered_display": "100", "num_branches": 6, "num_partial_branches": 0, "covered_branches": 6, "missing_branches": 0, "percent_branches_covered": 100.0, "percent_branches_covered_display": "100"}, "missing_lines": [], "excluded_lines": [], "start_line": 100, "executed_branches": [[105, 106], [105, 108], [111, 112], [111, 145], [147, 148], [147, 158]], "missing_branches": []}, "_point_frame": {"executed_lines": [165, 166], "summary": {"covered_lines": 2, "num_statements": 2, "percent_covered": 100.0, "percent_covered_display": "100", "missing_lines": 0, "excluded_lines": 0, "percent_statements_covered": 100.0, "percent_statements_covered_display": "100", "num_branches": 0, "num_partial_branches": 0, "covered_branches": 0, "missing_branches": 0, "percent_branches_covered": 100.0, "percent_branches_covered_display": "100"}, "missing_lines": [], "excluded_lines": [], "start_line": 161, "executed_branches": [], "missing_branches": []}, "generate_candidates": {"executed_lines": [176, 180, 181, 182, 183, 184, 185], "summary": {"covered_lines": 7, "num_statements": 7, "percent_covered": 100.0, "percent_covered_display": "100", "missing_lines": 0, "excluded_lines": 0, "percent_statements_covered": 100.0, "percent_statements_covered_display": "100", "num_branches": 0, "num_partial_branches": 0, "covered_branches": 0, "missing_branches": 0, "percent_branches_covered": 100.0, "percent_branches_covered_display": "100"}, "missing_lines": [], "excluded_lines": [], "start_line": 173, "executed_branches": [], "missing_branches": []}, "generate_existing_stores": {"executed_lines": [191, 195, 196, 197, 198, 199], "summary": {"covered_lines": 6, "num_statements": 6, "percent_covered": 100.0, "percent_covered_display": "100", "missing_lines": 0, "excluded_lines": 0, "percent_statements_covered": 100.0, "percent_statements_covered_display": "100", "num_branches": 0, "num_partial_branches": 0, "covered_branches": 0, "missing_branches": 0, "percent_branches_covered": 100.0, "percent_branches_covered_display": "100"}, "missing_lines": [], "excluded_lines": [], "start_line": 188, "executed_branches": [], "missing_branches": []}, "generate_competitors": {"executed_lines": [205, 206, 207, 208, 209, 210, 211, 212, 213, 214, 224], "summary": {"covered_lines": 11, "num_statements": 11, "percent_covered": 100.0, "percent_covered_display": "100", "missing_lines": 0, "excluded_lines": 0, "percent_statements_covered": 100.0, "percent_statements_covered_display": "100", "num_branches": 2, "num_partial_branches": 0, "covered_branches": 2, "missing_branches": 0, "percent_branches_covered": 100.0, "percent_branches_covered_display": "100"}, "missing_lines": [], "excluded_lines": [], "start_line": 202, "executed_branches": [[209, 210], [209, 224]], "missing_branches": []}, "generate_pois": {"executed_lines": [240, 241, 242, 243, 244, 245, 246, 247, 248, 249, 250, 251, 256, 266], "summary": {"covered_lines": 14, "num_statements": 14, "percent_covered": 100.0, "percent_covered_display": "100", "missing_lines": 0, "excluded_lines": 0, "percent_statements_covered": 100.0, "percent_statements_covered_display": "100", "num_branches": 2, "num_partial_branches": 0, "covered_branches": 2, "missing_branches": 0, "percent_branches_covered": 100.0, "percent_branches_covered_display": "100"}, "missing_lines": [], "excluded_lines": [], "start_line": 237, "executed_branches": [[244, 245], [244, 266]], "missing_branches": []}, "generate_all": {"executed_lines": [275], "summary": {"covered_lines": 1, "num_statements": 1, "percent_covered": 100.0, "percent_covered_display": "100", "missing_lines": 0, "excluded_lines": 0, "percent_statements_covered": 100.0, "percent_statements_covered_display": "100", "num_branches": 0, "num_partial_branches": 0, "covered_branches": 0, "missing_branches": 0, "percent_branches_covered": 100.0, "percent_branches_covered_display": "100"}, "missing_lines": [], "excluded_lines": [], "start_line": 272, "executed_branches": [], "missing_branches": []}, "": {"executed_lines": [3, 5, 6, 8, 9, 10, 11, 12, 14, 15, 16, 19, 60, 66, 100, 161, 173, 188, 202, 237, 272], "summary": {"covered_lines": 21, "num_statements": 21, "percent_covered": 100.0, "percent_covered_display": "100", "missing_lines": 0, "excluded_lines": 0, "percent_statements_covered": 100.0, "percent_statements_covered_display": "100", "num_branches": 0, "num_partial_branches": 0, "covered_branches": 0, "missing_branches": 0, "percent_branches_covered": 100.0, "percent_branches_covered_display": "100"}, "missing_lines": [], "excluded_lines": [], "start_line": 1, "executed_branches": [], "missing_branches": []}}, "classes": {"": {"executed_lines": [3, 5, 6, 8, 9, 10, 11, 12, 14, 15, 16, 19, 22, 33, 42, 52, 53, 60, 61, 62, 63, 66, 67, 68, 69, 70, 71, 72, 80, 81, 82, 83, 84, 85, 86, 87, 88, 89, 91, 92, 100, 103, 104, 105, 106, 108, 109, 110, 111, 112, 113, 114, 115, 116, 117, 118, 119, 120, 121, 122, 123, 124, 143, 145, 146, 147, 148, 149, 150, 151, 158, 161, 165, 166, 173, 176, 180, 181, 182, 183, 184, 185, 188, 191, 195, 196, 197, 198, 199, 202, 205, 206, 207, 208, 209, 210, 211, 212, 213, 214, 224, 237, 240, 241, 242, 243, 244, 245, 246, 247, 248, 249, 250, 251, 256, 266, 272, 275], "summary": {"covered_lines": 118, "num_statements": 119, "percent_covered": 98.49624060150376, "percent_covered_display": "98", "missing_lines": 1, "excluded_lines": 0, "percent_statements_covered": 99.15966386554622, "percent_statements_covered_display": "99", "num_branches": 14, "num_partial_branches": 1, "covered_branches": 13, "missing_branches": 1, "percent_branches_covered": 92.85714285714286, "percent_branches_covered_display": "93"}, "missing_lines": [90], "excluded_lines": [], "start_line": 1, "executed_branches": [[72, 80], [72, 89], [89, 91], [105, 106], [105, 108], [111, 112], [111, 145], [147, 148], [147, 158], [209, 210], [209, 224], [244, 245], [244, 266]], "missing_branches": [[89, 90]]}}}, "src/site_intelligence/enrichment.py": {"executed_lines": [3, 5, 6, 7, 9, 13, 14, 17, 23, 35, 41, 42, 51, 54, 59, 60, 61, 62, 63, 64, 65, 66, 67, 68, 69, 70, 73, 80, 81, 82, 83, 86, 93, 99, 100, 103, 117, 118, 119, 120, 122, 123, 124, 125, 127, 128, 129, 130, 131, 132, 133, 134, 135, 138, 139, 140, 143, 145, 146, 152, 153, 155, 156, 157, 159, 162, 172, 177, 180, 192, 194, 195, 196, 197, 198, 199, 200, 201, 203, 204, 205, 206, 207, 208, 209, 210, 211, 213, 214, 215, 216, 217, 218, 219, 223, 224, 230, 244, 245], "summary": {"covered_lines": 99, "num_statements": 105, "percent_covered": 91.0569105691057, "percent_covered_display": "91", "missing_lines": 6, "excluded_lines": 0, "percent_statements_covered": 94.28571428571429, "percent_statements_covered_display": "94", "num_branches": 18, "num_partial_branches": 1, "covered_branches": 13, "missing_branches": 5, "percent_branches_covered": 72.22222222222223, "percent_branches_covered_display": "72"}, "missing_lines": [43, 44, 45, 46, 49, 50], "excluded_lines": [], "executed_branches": [[42, 51], [63, 64], [63, 70], [65, 66], [65, 68], [123, 124], [123, 125], [131, 132], [131, 155], [206, 207], [206, 209], [216, 217], [216, 219]], "missing_branches": [[42, 43], [45, 46], [45, 51], [49, 45], [49, 50]], "functions": {"attach_grid_attributes": {"executed_lines": [23, 35, 41, 42, 51], "summary": {"covered_lines": 5, "num_statements": 11, "percent_covered": 35.294117647058826, "percent_covered_display": "35", "missing_lines": 6, "excluded_lines": 0, "percent_statements_covered": 45.45454545454545, "percent_statements_covered_display": "45", "num_branches": 6, "num_partial_branches": 1, "covered_branches": 1, "missing_branches": 5, "percent_branches_covered": 16.666666666666668, "percent_branches_covered_display": "17"}, "missing_lines": [43, 44, 45, 46, 49, 50], "excluded_lines": [], "start_line": 17, "executed_branches": [[42, 51]], "missing_branches": [[42, 43], [45, 46], [45, 51], [49, 45], [49, 50]]}, "_density_count": {"executed_lines": [59, 60, 61, 62, 63, 64, 65, 66, 67, 68, 69, 70], "summary": {"covered_lines": 12, "num_statements": 12, "percent_covered": 100.0, "percent_covered_display": "100", "missing_lines": 0, "excluded_lines": 0, "percent_statements_covered": 100.0, "percent_statements_covered_display": "100", "num_branches": 4, "num_partial_branches": 0, "covered_branches": 4, "missing_branches": 0, "percent_branches_covered": 100.0, "percent_branches_covered_display": "100"}, "missing_lines": [], "excluded_lines": [], "start_line": 54, "executed_branches": [[63, 64], [63, 70], [65, 66], [65, 68]], "missing_branches": []}, "add_point_densities": {"executed_lines": [80, 81, 82, 83], "summary": {"covered_lines": 4, "num_statements": 4, "percent_covered": 100.0, "percent_covered_display": "100", "missing_lines": 0, "excluded_lines": 0, "percent_statements_covered": 100.0, "percent_statements_covered_display": "100", "num_branches": 0, "num_partial_branches": 0, "covered_branches": 0, "missing_branches": 0, "percent_branches_covered": 100.0, "percent_branches_covered_display": "100"}, "missing_lines": [], "excluded_lines": [], "start_line": 73, "executed_branches": [], "missing_branches": []}, "pivot_reachability": {"executed_lines": [93, 99, 100], "summary": {"covered_lines": 3, "num_statements": 3, "percent_covered": 100.0, "percent_covered_display": "100", "missing_lines": 0, "excluded_lines": 0, "percent_statements_covered": 100.0, "percent_statements_covered_display": "100", "num_branches": 0, "num_partial_branches": 0, "covered_branches": 0, "missing_branches": 0, "percent_branches_covered": 100.0, "percent_branches_covered_display": "100"}, "missing_lines": [], "excluded_lines": [], "start_line": 86, "executed_branches": [], "missing_branches": []}, "enrich_candidates": {"executed_lines": [117, 118, 119, 120, 122, 123, 124, 125, 127, 128, 129, 130, 131, 132, 133, 134, 135, 138, 139, 140, 143, 145, 146, 152, 153, 155, 156, 157, 159, 162, 172, 177], "summary": {"covered_lines": 32, "num_statements": 32, "percent_covered": 100.0, "percent_covered_display": "100", "missing_lines": 0, "excluded_lines": 0, "percent_statements_covered": 100.0, "percent_statements_covered_display": "100", "num_branches": 4, "num_partial_branches": 0, "covered_branches": 4, "missing_branches": 0, "percent_branches_covered": 100.0, "percent_branches_covered_display": "100"}, "missing_lines": [], "excluded_lines": [], "start_line": 103, "executed_branches": [[123, 124], [123, 125], [131, 132], [131, 155]], "missing_branches": []}, "build_benchmark_sites": {"executed_lines": [192, 194, 195, 196, 197, 198, 199, 200, 201, 203, 204, 205, 206, 207, 208, 209, 210, 211, 213, 214, 215, 216, 217, 218, 219, 223, 224, 230, 244, 245], "summary": {"covered_lines": 30, "num_statements": 30, "percent_covered": 100.0, "percent_covered_display": "100", "missing_lines": 0, "excluded_lines": 0, "percent_statements_covered": 100.0, "percent_statements_covered_display": "100", "num_branches": 4, "num_partial_branches": 0, "covered_branches": 4, "missing_branches": 0, "percent_branches_covered": 100.0, "percent_branches_covered_display": "100"}, "missing_lines": [], "excluded_lines": [], "start_line": 180, "executed_branches": [[206, 207], [206, 209], [216, 217], [216, 219]], "missing_branches": []}, "": {"executed_lines": [3, 5, 6, 7, 9, 13, 14, 17, 54, 73, 86, 103, 180], "summary": {"covered_lines": 13, "num_statements": 13, "percent_covered": 100.0, "percent_covered_display": "100", "missing_lines": 0, "excluded_lines": 0, "percent_statements_covered": 100.0, "percent_statements_covered_display": "100", "num_branches": 0, "num_partial_branches": 0, "covered_branches": 0, "missing_branches": 0, "percent_branches_covered": 100.0, "percent_branches_covered_display": "100"}, "missing_lines": [], "excluded_lines": [], "start_line": 1, "executed_branches": [], "missing_branches": []}}, "classes": {"": {"executed_lines": [3, 5, 6, 7, 9, 13, 14, 17, 23, 35, 41, 42, 51, 54, 59, 60, 61, 62, 63, 64, 65, 66, 67, 68, 69, 70, 73, 80, 81, 82, 83, 86, 93, 99, 100, 103, 117, 118, 119, 120, 122, 123, 124, 125, 127, 128, 129, 130, 131, 132, 133, 134, 135, 138, 139, 140, 143, 145, 146, 152, 153, 155, 156, 157, 159, 162, 172, 177, 180, 192, 194, 195, 196, 197, 198, 199, 200, 201, 203, 204, 205, 206, 207, 208, 209, 210, 211, 213, 214, 215, 216, 217, 218, 219, 223, 224, 230, 244, 245], "summary": {"covered_lines": 99, "num_statements": 105, "percent_covered": 91.0569105691057, "percent_covered_display": "91", "missing_lines": 6, "excluded_lines": 0, "percent_statements_covered": 94.28571428571429, "percent_statements_covered_display": "94", "num_branches": 18, "num_partial_branches": 1, "covered_branches": 13, "missing_branches": 5, "percent_branches_covered": 72.22222222222223, "percent_branches_covered_display": "72"}, "missing_lines": [43, 44, 45, 46, 49, 50], "excluded_lines": [], "start_line": 1, "executed_branches": [[42, 51], [63, 64], [63, 70], [65, 66], [65, 68], [123, 124], [123, 125], [131, 132], [131, 155], [206, 207], [206, 209], [216, 217], [216, 219]], "missing_branches": [[42, 43], [45, 46], [45, 51], [49, 45], [49, 50]]}}}, "src/site_intelligence/figures.py": {"executed_lines": [3, 5, 7, 8, 9, 10, 11, 12, 14, 23, 24, 25, 26, 29, 37, 38, 41, 42, 43, 53, 62, 63, 71, 72, 73, 76, 77, 80, 83, 84, 85, 86, 87, 88, 89, 90, 91, 92, 93, 101, 102, 103, 104, 105, 108, 111, 112, 113, 114, 115, 122, 123, 124, 125, 126, 129, 132, 133, 138, 139, 140, 141, 148, 149, 150, 151, 156, 157, 158, 161, 168, 169, 174, 177, 178, 179, 180, 181, 182, 185, 192, 193, 194, 195, 203, 204, 213, 214, 222, 223, 224, 227, 235, 236, 239, 240, 246, 247, 248, 256, 257, 265, 266, 274, 283, 284, 285, 288, 297, 298, 299, 305, 306, 307, 308, 317, 328, 329, 337, 338, 339, 340], "summary": {"covered_lines": 122, "num_statements": 122, "percent_covered": 100.0, "percent_covered_display": "100", "missing_lines": 0, "excluded_lines": 0, "percent_statements_covered": 100.0, "percent_statements_covered_display": "100", "num_branches": 12, "num_partial_branches": 0, "covered_branches": 12, "missing_branches": 0, "percent_branches_covered": 100.0, "percent_branches_covered_display": "100"}, "missing_lines": [], "excluded_lines": [], "executed_branches": [[62, 63], [62, 71], [114, 115], [114, 122], [213, 214], [213, 222], [247, 248], [247, 256], [265, 266], [265, 274], [328, 329], [328, 337]], "missing_branches": [], "functions": {"_save": {"executed_lines": [24, 25, 26], "summary": {"covered_lines": 3, "num_statements": 3, "percent_covered": 100.0, "percent_covered_display": "100", "missing_lines": 0, "excluded_lines": 0, "percent_statements_covered": 100.0, "percent_statements_covered_display": "100", "num_branches": 0, "num_partial_branches": 0, "covered_branches": 0, "missing_branches": 0, "percent_branches_covered": 100.0, "percent_branches_covered_display": "100"}, "missing_lines": [], "excluded_lines": [], "start_line": 23, "executed_branches": [], "missing_branches": []}, "candidate_rank_map": {"executed_lines": [37, 38, 41, 42, 43, 53, 62, 63, 71, 72, 73, 76, 77], "summary": {"covered_lines": 13, "num_statements": 13, "percent_covered": 100.0, "percent_covered_display": "100", "missing_lines": 0, "excluded_lines": 0, "percent_statements_covered": 100.0, "percent_statements_covered_display": "100", "num_branches": 2, "num_partial_branches": 0, "covered_branches": 2, "missing_branches": 0, "percent_branches_covered": 100.0, "percent_branches_covered_display": "100"}, "missing_lines": [], "excluded_lines": [], "start_line": 29, "executed_branches": [[62, 63], [62, 71]], "missing_branches": []}, "model_validation_figure": {"executed_lines": [83, 84, 85, 86, 87, 88, 89, 90, 91, 92, 93, 101, 102, 103, 104, 105], "summary": {"covered_lines": 16, "num_statements": 16, "percent_covered": 100.0, "percent_covered_display": "100", "missing_lines": 0, "excluded_lines": 0, "percent_statements_covered": 100.0, "percent_statements_covered_display": "100", "num_branches": 0, "num_partial_branches": 0, "covered_branches": 0, "missing_branches": 0, "percent_branches_covered": 100.0, "percent_branches_covered_display": "100"}, "missing_lines": [], "excluded_lines": [], "start_line": 80, "executed_branches": [], "missing_branches": []}, "top_candidate_figure": {"executed_lines": [111, 112, 113, 114, 115, 122, 123, 124, 125, 126], "summary": {"covered_lines": 10, "num_statements": 10, "percent_covered": 100.0, "percent_covered_display": "100", "missing_lines": 0, "excluded_lines": 0, "percent_statements_covered": 100.0, "percent_statements_covered_display": "100", "num_branches": 2, "num_partial_branches": 0, "covered_branches": 2, "missing_branches": 0, "percent_branches_covered": 100.0, "percent_branches_covered_display": "100"}, "missing_lines": [], "excluded_lines": [], "start_line": 108, "executed_branches": [[114, 115], [114, 122]], "missing_branches": []}, "scenario_figure": {"executed_lines": [132, 133, 138, 139, 140, 141, 148, 149, 150, 151, 156, 157, 158], "summary": {"covered_lines": 13, "num_statements": 13, "percent_covered": 100.0, "percent_covered_display": "100", "missing_lines": 0, "excluded_lines": 0, "percent_statements_covered": 100.0, "percent_statements_covered_display": "100", "num_branches": 0, "num_partial_branches": 0, "covered_branches": 0, "missing_branches": 0, "percent_branches_covered": 100.0, "percent_branches_covered_display": "100"}, "missing_lines": [], "excluded_lines": [], "start_line": 129, "executed_branches": [], "missing_branches": []}, "contribution_figure": {"executed_lines": [168, 169, 174, 177, 178, 179, 180, 181, 182], "summary": {"covered_lines": 9, "num_statements": 9, "percent_covered": 100.0, "percent_covered_display": "100", "missing_lines": 0, "excluded_lines": 0, "percent_statements_covered": 100.0, "percent_statements_covered_display": "100", "num_branches": 0, "num_partial_branches": 0, "covered_branches": 0, "missing_branches": 0, "percent_branches_covered": 100.0, "percent_branches_covered_display": "100"}, "missing_lines": [], "excluded_lines": [], "start_line": 161, "executed_branches": [], "missing_branches": []}, "white_space_figure": {"executed_lines": [192, 193, 194, 195, 203, 204, 213, 214, 222, 223, 224], "summary": {"covered_lines": 11, "num_statements": 11, "percent_covered": 100.0, "percent_covered_display": "100", "missing_lines": 0, "excluded_lines": 0, "percent_statements_covered": 100.0, "percent_statements_covered_display": "100", "num_branches": 2, "num_partial_branches": 0, "covered_branches": 2, "missing_branches": 0, "percent_branches_covered": 100.0, "percent_branches_covered_display": "100"}, "missing_lines": [], "excluded_lines": [], "start_line": 185, "executed_branches": [[213, 214], [213, 222]], "missing_branches": []}, "isochrone_figure": {"executed_lines": [235, 236, 239, 240, 246, 247, 248, 256, 257, 265, 266, 274, 283, 284, 285], "summary": {"covered_lines": 15, "num_statements": 15, "percent_covered": 100.0, "percent_covered_display": "100", "missing_lines": 0, "excluded_lines": 0, "percent_statements_covered": 100.0, "percent_statements_covered_display": "100", "num_branches": 4, "num_partial_branches": 0, "covered_branches": 4, "missing_branches": 0, "percent_branches_covered": 100.0, "percent_branches_covered_display": "100"}, "missing_lines": [], "excluded_lines": [], "start_line": 227, "executed_branches": [[247, 248], [247, 256], [265, 266], [265, 274]], "missing_branches": []}, "scenario_portfolio_figure": {"executed_lines": [297, 298, 299, 305, 306, 307, 308, 317, 328, 329, 337, 338, 339, 340], "summary": {"covered_lines": 14, "num_statements": 14, "percent_covered": 100.0, "percent_covered_display": "100", "missing_lines": 0, "excluded_lines": 0, "percent_statements_covered": 100.0, "percent_statements_covered_display": "100", "num_branches": 2, "num_partial_branches": 0, "covered_branches": 2, "missing_branches": 0, "percent_branches_covered": 100.0, "percent_branches_covered_display": "100"}, "missing_lines": [], "excluded_lines": [], "start_line": 288, "executed_branches": [[328, 329], [328, 337]], "missing_branches": []}, "": {"executed_lines": [3, 5, 7, 8, 9, 10, 11, 12, 14, 23, 29, 80, 108, 129, 161, 185, 227, 288], "summary": {"covered_lines": 18, "num_statements": 18, "percent_covered": 100.0, "percent_covered_display": "100", "missing_lines": 0, "excluded_lines": 0, "percent_statements_covered": 100.0, "percent_statements_covered_display": "100", "num_branches": 0, "num_partial_branches": 0, "covered_branches": 0, "missing_branches": 0, "percent_branches_covered": 100.0, "percent_branches_covered_display": "100"}, "missing_lines": [], "excluded_lines": [], "start_line": 1, "executed_branches": [], "missing_branches": []}}, "classes": {"": {"executed_lines": [3, 5, 7, 8, 9, 10, 11, 12, 14, 23, 24, 25, 26, 29, 37, 38, 41, 42, 43, 53, 62, 63, 71, 72, 73, 76, 77, 80, 83, 84, 85, 86, 87, 88, 89, 90, 91, 92, 93, 101, 102, 103, 104, 105, 108, 111, 112, 113, 114, 115, 122, 123, 124, 125, 126, 129, 132, 133, 138, 139, 140, 141, 148, 149, 150, 151, 156, 157, 158, 161, 168, 169, 174, 177, 178, 179, 180, 181, 182, 185, 192, 193, 194, 195, 203, 204, 213, 214, 222, 223, 224, 227, 235, 236, 239, 240, 246, 247, 248, 256, 257, 265, 266, 274, 283, 284, 285, 288, 297, 298, 299, 305, 306, 307, 308, 317, 328, 329, 337, 338, 339, 340], "summary": {"covered_lines": 122, "num_statements": 122, "percent_covered": 100.0, "percent_covered_display": "100", "missing_lines": 0, "excluded_lines": 0, "percent_statements_covered": 100.0, "percent_statements_covered_display": "100", "num_branches": 12, "num_partial_branches": 0, "covered_branches": 12, "missing_branches": 0, "percent_branches_covered": 100.0, "percent_branches_covered_display": "100"}, "missing_lines": [], "excluded_lines": [], "start_line": 1, "executed_branches": [[62, 63], [62, 71], [114, 115], [114, 122], [213, 214], [213, 222], [247, 248], [247, 256], [265, 266], [265, 274], [328, 329], [328, 337]], "missing_branches": []}}}, "src/site_intelligence/geo.py": {"executed_lines": [3, 5, 6, 8, 9, 10, 11, 12, 13, 15, 17, 18, 21, 24, 25, 26, 29, 32, 33, 36, 56, 64, 65, 66, 67, 68, 69, 72, 80, 81, 84, 90, 91, 93, 94, 97, 109, 112, 113, 114, 115, 116], "summary": {"covered_lines": 42, "num_statements": 51, "percent_covered": 79.66101694915254, "percent_covered_display": "80", "missing_lines": 9, "excluded_lines": 0, "percent_statements_covered": 82.3529411764706, "percent_statements_covered_display": "82", "num_branches": 8, "num_partial_branches": 1, "covered_branches": 5, "missing_branches": 3, "percent_branches_covered": 62.5, "percent_branches_covered_display": "62"}, "missing_lines": [45, 46, 47, 49, 52, 53, 92, 105, 106], "excluded_lines": [], "executed_branches": [[67, 68], [67, 69], [91, 93], [112, 113], [112, 115]], "missing_branches": [[46, 47], [46, 49], [91, 92]], "functions": {"h3_polygon_cells": {"executed_lines": [24, 25, 26], "summary": {"covered_lines": 3, "num_statements": 3, "percent_covered": 100.0, "percent_covered_display": "100", "missing_lines": 0, "excluded_lines": 0, "percent_statements_covered": 100.0, "percent_statements_covered_display": "100", "num_branches": 0, "num_partial_branches": 0, "covered_branches": 0, "missing_branches": 0, "percent_branches_covered": 100.0, "percent_branches_covered_display": "100"}, "missing_lines": [], "excluded_lines": [], "start_line": 21, "executed_branches": [], "missing_branches": []}, "h3_cell_polygon": {"executed_lines": [32, 33], "summary": {"covered_lines": 2, "num_statements": 2, "percent_covered": 100.0, "percent_covered_display": "100", "missing_lines": 0, "excluded_lines": 0, "percent_statements_covered": 100.0, "percent_statements_covered_display": "100", "num_branches": 0, "num_partial_branches": 0, "covered_branches": 0, "missing_branches": 0, "percent_branches_covered": 100.0, "percent_branches_covered_display": "100"}, "missing_lines": [], "excluded_lines": [], "start_line": 29, "executed_branches": [], "missing_branches": []}, "nearest_index": {"executed_lines": [], "summary": {"covered_lines": 0, "num_statements": 6, "percent_covered": 0.0, "percent_covered_display": "0", "missing_lines": 6, "excluded_lines": 0, "percent_statements_covered": 0.0, "percent_statements_covered_display": "0", "num_branches": 2, "num_partial_branches": 0, "covered_branches": 0, "missing_branches": 2, "percent_branches_covered": 0.0, "percent_branches_covered_display": "0"}, "missing_lines": [45, 46, 47, 49, 52, 53], "excluded_lines": [], "start_line": 36, "executed_branches": [], "missing_branches": [[46, 47], [46, 49]]}, "projected_distance_km": {"executed_lines": [64, 65, 66, 67, 68, 69], "summary": {"covered_lines": 6, "num_statements": 6, "percent_covered": 100.0, "percent_covered_display": "100", "missing_lines": 0, "excluded_lines": 0, "percent_statements_covered": 100.0, "percent_statements_covered_display": "100", "num_branches": 2, "num_partial_branches": 0, "covered_branches": 2, "missing_branches": 0, "percent_branches_covered": 100.0, "percent_branches_covered_display": "100"}, "missing_lines": [], "excluded_lines": [], "start_line": 56, "executed_branches": [[67, 68], [67, 69]], "missing_branches": []}, "haversine_km": {"executed_lines": [80, 81], "summary": {"covered_lines": 2, "num_statements": 2, "percent_covered": 100.0, "percent_covered_display": "100", "missing_lines": 0, "excluded_lines": 0, "percent_statements_covered": 100.0, "percent_statements_covered_display": "100", "num_branches": 0, "num_partial_branches": 0, "covered_branches": 0, "missing_branches": 0, "percent_branches_covered": 100.0, "percent_branches_covered_display": "100"}, "missing_lines": [], "excluded_lines": [], "start_line": 72, "executed_branches": [], "missing_branches": []}, "service_geometry": {"executed_lines": [90, 91, 93, 94], "summary": {"covered_lines": 4, "num_statements": 5, "percent_covered": 71.42857142857143, "percent_covered_display": "71", "missing_lines": 1, "excluded_lines": 0, "percent_statements_covered": 80.0, "percent_statements_covered_display": "80", "num_branches": 2, "num_partial_branches": 1, "covered_branches": 1, "missing_branches": 1, "percent_branches_covered": 50.0, "percent_branches_covered_display": "50"}, "missing_lines": [92], "excluded_lines": [], "start_line": 84, "executed_branches": [[91, 93]], "missing_branches": [[91, 92]]}, "bearing_degrees": {"executed_lines": [], "summary": {"covered_lines": 0, "num_statements": 2, "percent_covered": 0.0, "percent_covered_display": "0", "missing_lines": 2, "excluded_lines": 0, "percent_statements_covered": 0.0, "percent_statements_covered_display": "0", "num_branches": 0, "num_partial_branches": 0, "covered_branches": 0, "missing_branches": 0, "percent_branches_covered": 100.0, "percent_branches_covered_display": "100"}, "missing_lines": [105, 106], "excluded_lines": [], "start_line": 97, "executed_branches": [], "missing_branches": []}, "sigmoid": {"executed_lines": [112, 113, 114, 115, 116], "summary": {"covered_lines": 5, "num_statements": 5, "percent_covered": 100.0, "percent_covered_display": "100", "missing_lines": 0, "excluded_lines": 0, "percent_statements_covered": 100.0, "percent_statements_covered_display": "100", "num_branches": 2, "num_partial_branches": 0, "covered_branches": 2, "missing_branches": 0, "percent_branches_covered": 100.0, "percent_branches_covered_display": "100"}, "missing_lines": [], "excluded_lines": [], "start_line": 109, "executed_branches": [[112, 113], [112, 115]], "missing_branches": []}, "": {"executed_lines": [3, 5, 6, 8, 9, 10, 11, 12, 13, 15, 17, 18, 21, 29, 36, 56, 72, 84, 97, 109], "summary": {"covered_lines": 20, "num_statements": 20, "percent_covered": 100.0, "percent_covered_display": "100", "missing_lines": 0, "excluded_lines": 0, "percent_statements_covered": 100.0, "percent_statements_covered_display": "100", "num_branches": 0, "num_partial_branches": 0, "covered_branches": 0, "missing_branches": 0, "percent_branches_covered": 100.0, "percent_branches_covered_display": "100"}, "missing_lines": [], "excluded_lines": [], "start_line": 1, "executed_branches": [], "missing_branches": []}}, "classes": {"": {"executed_lines": [3, 5, 6, 8, 9, 10, 11, 12, 13, 15, 17, 18, 21, 24, 25, 26, 29, 32, 33, 36, 56, 64, 65, 66, 67, 68, 69, 72, 80, 81, 84, 90, 91, 93, 94, 97, 109, 112, 113, 114, 115, 116], "summary": {"covered_lines": 42, "num_statements": 51, "percent_covered": 79.66101694915254, "percent_covered_display": "80", "missing_lines": 9, "excluded_lines": 0, "percent_statements_covered": 82.3529411764706, "percent_statements_covered_display": "82", "num_branches": 8, "num_partial_branches": 1, "covered_branches": 5, "missing_branches": 3, "percent_branches_covered": 62.5, "percent_branches_covered_display": "62"}, "missing_lines": [45, 46, 47, 49, 52, 53, 92, 105, 106], "excluded_lines": [], "start_line": 1, "executed_branches": [[67, 68], [67, 69], [91, 93], [112, 113], [112, 115]], "missing_branches": [[46, 47], [46, 49], [91, 92]]}}}, "src/site_intelligence/gravity.py": {"executed_lines": [3, 5, 6, 7, 9, 12, 13, 21, 33, 34, 35, 36, 37, 38, 39, 40, 43, 44, 46, 47, 48, 49, 50, 51, 56, 57, 58, 59, 60, 61, 62, 63, 64, 73], "summary": {"covered_lines": 34, "num_statements": 34, "percent_covered": 100.0, "percent_covered_display": "100", "missing_lines": 0, "excluded_lines": 0, "percent_statements_covered": 100.0, "percent_statements_covered_display": "100", "num_branches": 8, "num_partial_branches": 0, "covered_branches": 8, "missing_branches": 0, "percent_branches_covered": 100.0, "percent_branches_covered_display": "100"}, "missing_lines": [], "excluded_lines": [], "executed_branches": [[36, 37], [36, 46], [43, 36], [43, 44], [47, 48], [47, 73], [57, 58], [57, 59]], "missing_branches": [], "functions": {"_travel_times": {"executed_lines": [13], "summary": {"covered_lines": 1, "num_statements": 1, "percent_covered": 100.0, "percent_covered_display": "100", "missing_lines": 0, "excluded_lines": 0, "percent_statements_covered": 100.0, "percent_statements_covered_display": "100", "num_branches": 0, "num_partial_branches": 0, "covered_branches": 0, "missing_branches": 0, "percent_branches_covered": 100.0, "percent_branches_covered_display": "100"}, "missing_lines": [], "excluded_lines": [], "start_line": 12, "executed_branches": [], "missing_branches": []}, "candidate_huff_metrics": {"executed_lines": [33, 34, 35, 36, 37, 38, 39, 40, 43, 44, 46, 47, 48, 49, 50, 51, 56, 57, 58, 59, 60, 61, 62, 63, 64, 73], "summary": {"covered_lines": 26, "num_statements": 26, "percent_covered": 100.0, "percent_covered_display": "100", "missing_lines": 0, "excluded_lines": 0, "percent_statements_covered": 100.0, "percent_statements_covered_display": "100", "num_branches": 8, "num_partial_branches": 0, "covered_branches": 8, "missing_branches": 0, "percent_branches_covered": 100.0, "percent_branches_covered_display": "100"}, "missing_lines": [], "excluded_lines": [], "start_line": 21, "executed_branches": [[36, 37], [36, 46], [43, 36], [43, 44], [47, 48], [47, 73], [57, 58], [57, 59]], "missing_branches": []}, "": {"executed_lines": [3, 5, 6, 7, 9, 12, 21], "summary": {"covered_lines": 7, "num_statements": 7, "percent_covered": 100.0, "percent_covered_display": "100", "missing_lines": 0, "excluded_lines": 0, "percent_statements_covered": 100.0, "percent_statements_covered_display": "100", "num_branches": 0, "num_partial_branches": 0, "covered_branches": 0, "missing_branches": 0, "percent_branches_covered": 100.0, "percent_branches_covered_display": "100"}, "missing_lines": [], "excluded_lines": [], "start_line": 1, "executed_branches": [], "missing_branches": []}}, "classes": {"": {"executed_lines": [3, 5, 6, 7, 9, 12, 13, 21, 33, 34, 35, 36, 37, 38, 39, 40, 43, 44, 46, 47, 48, 49, 50, 51, 56, 57, 58, 59, 60, 61, 62, 63, 64, 73], "summary": {"covered_lines": 34, "num_statements": 34, "percent_covered": 100.0, "percent_covered_display": "100", "missing_lines": 0, "excluded_lines": 0, "percent_statements_covered": 100.0, "percent_statements_covered_display": "100", "num_branches": 8, "num_partial_branches": 0, "covered_branches": 8, "missing_branches": 0, "percent_branches_covered": 100.0, "percent_branches_covered_display": "100"}, "missing_lines": [], "excluded_lines": [], "start_line": 1, "executed_branches": [[36, 37], [36, 46], [43, 36], [43, 44], [47, 48], [47, 73], [57, 58], [57, 59]], "missing_branches": []}}}, "src/site_intelligence/maps.py": {"executed_lines": [3, 5, 7, 8, 9, 10, 12, 13, 18, 19, 29, 30, 43, 52, 53, 54, 55, 56, 58, 59, 68, 69, 78, 79, 80, 91, 94, 95, 104, 105, 106, 107, 108, 109, 117, 120, 127, 128, 129, 130, 145, 146, 154, 155, 156, 159, 166, 167, 168, 169, 170, 171, 174, 175, 189, 190, 191, 196, 197, 200, 207, 208, 209, 210, 211, 212, 213, 214, 215, 216, 227, 228, 229], "summary": {"covered_lines": 73, "num_statements": 73, "percent_covered": 100.0, "percent_covered_display": "100", "missing_lines": 0, "excluded_lines": 0, "percent_statements_covered": 100.0, "percent_statements_covered_display": "100", "num_branches": 20, "num_partial_branches": 0, "covered_branches": 20, "missing_branches": 0, "percent_branches_covered": 100.0, "percent_branches_covered_display": "100"}, "missing_lines": [], "excluded_lines": [], "executed_branches": [[58, 59], [58, 68], [68, 69], [68, 78], [78, 79], [78, 91], [94, 95], [94, 104], [145, 146], [145, 154], [169, 170], [169, 190], [174, 175], [174, 189], [190, 191], [190, 196], [210, 211], [210, 228], [213, 214], [213, 227]], "missing_branches": [], "functions": {"_base_map": {"executed_lines": [19], "summary": {"covered_lines": 1, "num_statements": 1, "percent_covered": 100.0, "percent_covered_display": "100", "missing_lines": 0, "excluded_lines": 0, "percent_statements_covered": 100.0, "percent_statements_covered_display": "100", "num_branches": 0, "num_partial_branches": 0, "covered_branches": 0, "missing_branches": 0, "percent_branches_covered": 100.0, "percent_branches_covered_display": "100"}, "missing_lines": [], "excluded_lines": [], "start_line": 18, "executed_branches": [], "missing_branches": []}, "_candidate_popup": {"executed_lines": [30], "summary": {"covered_lines": 1, "num_statements": 1, "percent_covered": 100.0, "percent_covered_display": "100", "missing_lines": 0, "excluded_lines": 0, "percent_statements_covered": 100.0, "percent_statements_covered_display": "100", "num_branches": 0, "num_partial_branches": 0, "covered_branches": 0, "missing_branches": 0, "percent_branches_covered": 100.0, "percent_branches_covered_display": "100"}, "missing_lines": [], "excluded_lines": [], "start_line": 29, "executed_branches": [], "missing_branches": []}, "create_candidate_map": {"executed_lines": [52, 53, 54, 55, 56, 58, 59, 68, 69, 78, 79, 80, 91, 94, 95, 104, 105, 106, 107, 108, 109, 117], "summary": {"covered_lines": 22, "num_statements": 22, "percent_covered": 100.0, "percent_covered_display": "100", "missing_lines": 0, "excluded_lines": 0, "percent_statements_covered": 100.0, "percent_statements_covered_display": "100", "num_branches": 8, "num_partial_branches": 0, "covered_branches": 8, "missing_branches": 0, "percent_branches_covered": 100.0, "percent_branches_covered_display": "100"}, "missing_lines": [], "excluded_lines": [], "start_line": 43, "executed_branches": [[58, 59], [58, 68], [68, 69], [68, 78], [78, 79], [78, 91], [94, 95], [94, 104]], "missing_branches": []}, "create_white_space_map": {"executed_lines": [127, 128, 129, 130, 145, 146, 154, 155, 156], "summary": {"covered_lines": 9, "num_statements": 9, "percent_covered": 100.0, "percent_covered_display": "100", "missing_lines": 0, "excluded_lines": 0, "percent_statements_covered": 100.0, "percent_statements_covered_display": "100", "num_branches": 2, "num_partial_branches": 0, "covered_branches": 2, "missing_branches": 0, "percent_branches_covered": 100.0, "percent_branches_covered_display": "100"}, "missing_lines": [], "excluded_lines": [], "start_line": 120, "executed_branches": [[145, 146], [145, 154]], "missing_branches": []}, "create_isochrone_map": {"executed_lines": [166, 167, 168, 169, 170, 171, 174, 175, 189, 190, 191, 196, 197], "summary": {"covered_lines": 13, "num_statements": 13, "percent_covered": 100.0, "percent_covered_display": "100", "missing_lines": 0, "excluded_lines": 0, "percent_statements_covered": 100.0, "percent_statements_covered_display": "100", "num_branches": 6, "num_partial_branches": 0, "covered_branches": 6, "missing_branches": 0, "percent_branches_covered": 100.0, "percent_branches_covered_display": "100"}, "missing_lines": [], "excluded_lines": [], "start_line": 159, "executed_branches": [[169, 170], [169, 190], [174, 175], [174, 189], [190, 191], [190, 196]], "missing_branches": []}, "create_scenario_map": {"executed_lines": [207, 208, 209, 210, 211, 212, 213, 214, 215, 216, 227, 228, 229], "summary": {"covered_lines": 13, "num_statements": 13, "percent_covered": 100.0, "percent_covered_display": "100", "missing_lines": 0, "excluded_lines": 0, "percent_statements_covered": 100.0, "percent_statements_covered_display": "100", "num_branches": 4, "num_partial_branches": 0, "covered_branches": 4, "missing_branches": 0, "percent_branches_covered": 100.0, "percent_branches_covered_display": "100"}, "missing_lines": [], "excluded_lines": [], "start_line": 200, "executed_branches": [[210, 211], [210, 228], [213, 214], [213, 227]], "missing_branches": []}, "": {"executed_lines": [3, 5, 7, 8, 9, 10, 12, 13, 18, 29, 43, 120, 159, 200], "summary": {"covered_lines": 14, "num_statements": 14, "percent_covered": 100.0, "percent_covered_display": "100", "missing_lines": 0, "excluded_lines": 0, "percent_statements_covered": 100.0, "percent_statements_covered_display": "100", "num_branches": 0, "num_partial_branches": 0, "covered_branches": 0, "missing_branches": 0, "percent_branches_covered": 100.0, "percent_branches_covered_display": "100"}, "missing_lines": [], "excluded_lines": [], "start_line": 1, "executed_branches": [], "missing_branches": []}}, "classes": {"": {"executed_lines": [3, 5, 7, 8, 9, 10, 12, 13, 18, 19, 29, 30, 43, 52, 53, 54, 55, 56, 58, 59, 68, 69, 78, 79, 80, 91, 94, 95, 104, 105, 106, 107, 108, 109, 117, 120, 127, 128, 129, 130, 145, 146, 154, 155, 156, 159, 166, 167, 168, 169, 170, 171, 174, 175, 189, 190, 191, 196, 197, 200, 207, 208, 209, 210, 211, 212, 213, 214, 215, 216, 227, 228, 229], "summary": {"covered_lines": 73, "num_statements": 73, "percent_covered": 100.0, "percent_covered_display": "100", "missing_lines": 0, "excluded_lines": 0, "percent_statements_covered": 100.0, "percent_statements_covered_display": "100", "num_branches": 20, "num_partial_branches": 0, "covered_branches": 20, "missing_branches": 0, "percent_branches_covered": 100.0, "percent_branches_covered_display": "100"}, "missing_lines": [], "excluded_lines": [], "start_line": 1, "executed_branches": [[58, 59], [58, 68], [68, 69], [68, 78], [78, 79], [78, 91], [94, 95], [94, 104], [145, 146], [145, 154], [169, 170], [169, 190], [174, 175], [174, 189], [190, 191], [190, 196], [210, 211], [210, 228], [213, 214], [213, 227]], "missing_branches": []}}}, "src/site_intelligence/modeling.py": {"executed_lines": [3, 5, 6, 7, 9, 10, 11, 12, 13, 14, 15, 17, 20, 21, 22, 23, 24, 25, 28, 29, 38, 47, 48, 49, 50, 51, 54, 55, 56, 57, 58, 59, 60, 61, 62, 63, 76, 77, 78, 89, 90, 91, 95, 98, 104, 105, 106, 107, 108, 109, 110, 111, 116, 117, 118, 119, 120, 121, 136, 137, 140, 143, 150, 161], "summary": {"covered_lines": 64, "num_statements": 66, "percent_covered": 95.94594594594595, "percent_covered_display": "96", "missing_lines": 2, "excluded_lines": 0, "percent_statements_covered": 96.96969696969697, "percent_statements_covered_display": "97", "num_branches": 8, "num_partial_branches": 1, "covered_branches": 7, "missing_branches": 1, "percent_branches_covered": 87.5, "percent_branches_covered_display": "88"}, "missing_lines": [52, 164], "excluded_lines": [], "executed_branches": [[51, 54], [57, 58], [57, 76], [119, 120], [119, 136], [120, 119], [120, 121]], "missing_branches": [[51, 52]], "functions": {"_model": {"executed_lines": [29], "summary": {"covered_lines": 1, "num_statements": 1, "percent_covered": 100.0, "percent_covered_display": "100", "missing_lines": 0, "excluded_lines": 0, "percent_statements_covered": 100.0, "percent_statements_covered_display": "100", "num_branches": 0, "num_partial_branches": 0, "covered_branches": 0, "missing_branches": 0, "percent_branches_covered": 100.0, "percent_branches_covered_display": "100"}, "missing_lines": [], "excluded_lines": [], "start_line": 28, "executed_branches": [], "missing_branches": []}, "spatial_cross_validate": {"executed_lines": [47, 48, 49, 50, 51, 54, 55, 56, 57, 58, 59, 60, 61, 62, 63, 76, 77, 78, 89, 90, 91, 95], "summary": {"covered_lines": 22, "num_statements": 23, "percent_covered": 92.5925925925926, "percent_covered_display": "93", "missing_lines": 1, "excluded_lines": 0, "percent_statements_covered": 95.65217391304348, "percent_statements_covered_display": "96", "num_branches": 4, "num_partial_branches": 1, "covered_branches": 3, "missing_branches": 1, "percent_branches_covered": 75.0, "percent_branches_covered_display": "75"}, "missing_lines": [52], "excluded_lines": [], "start_line": 38, "executed_branches": [[51, 54], [57, 58], [57, 76]], "missing_branches": [[51, 52]]}, "predict_candidates": {"executed_lines": [104, 105, 106, 107, 108, 109, 110, 111, 116, 117, 118, 119, 120, 121, 136, 137, 140], "summary": {"covered_lines": 17, "num_statements": 17, "percent_covered": 100.0, "percent_covered_display": "100", "missing_lines": 0, "excluded_lines": 0, "percent_statements_covered": 100.0, "percent_statements_covered_display": "100", "num_branches": 4, "num_partial_branches": 0, "covered_branches": 4, "missing_branches": 0, "percent_branches_covered": 100.0, "percent_branches_covered_display": "100"}, "missing_lines": [], "excluded_lines": [], "start_line": 98, "executed_branches": [[119, 120], [119, 136], [120, 119], [120, 121]], "missing_branches": []}, "save_model": {"executed_lines": [150], "summary": {"covered_lines": 1, "num_statements": 1, "percent_covered": 100.0, "percent_covered_display": "100", "missing_lines": 0, "excluded_lines": 0, "percent_statements_covered": 100.0, "percent_statements_covered_display": "100", "num_branches": 0, "num_partial_branches": 0, "covered_branches": 0, "missing_branches": 0, "percent_branches_covered": 100.0, "percent_branches_covered_display": "100"}, "missing_lines": [], "excluded_lines": [], "start_line": 143, "executed_branches": [], "missing_branches": []}, "load_model": {"executed_lines": [], "summary": {"covered_lines": 0, "num_statements": 1, "percent_covered": 0.0, "percent_covered_display": "0", "missing_lines": 1, "excluded_lines": 0, "percent_statements_covered": 0.0, "percent_statements_covered_display": "0", "num_branches": 0, "num_partial_branches": 0, "covered_branches": 0, "missing_branches": 0, "percent_branches_covered": 100.0, "percent_branches_covered_display": "100"}, "missing_lines": [164], "excluded_lines": [], "start_line": 161, "executed_branches": [], "missing_branches": []}, "": {"executed_lines": [3, 5, 6, 7, 9, 10, 11, 12, 13, 14, 15, 17, 20, 21, 22, 23, 24, 25, 28, 38, 98, 143, 161], "summary": {"covered_lines": 23, "num_statements": 23, "percent_covered": 100.0, "percent_covered_display": "100", "missing_lines": 0, "excluded_lines": 0, "percent_statements_covered": 100.0, "percent_statements_covered_display": "100", "num_branches": 0, "num_partial_branches": 0, "covered_branches": 0, "missing_branches": 0, "percent_branches_covered": 100.0, "percent_branches_covered_display": "100"}, "missing_lines": [], "excluded_lines": [], "start_line": 1, "executed_branches": [], "missing_branches": []}}, "classes": {"ModelResult": {"executed_lines": [], "summary": {"covered_lines": 0, "num_statements": 0, "percent_covered": 100.0, "percent_covered_display": "100", "missing_lines": 0, "excluded_lines": 0, "percent_statements_covered": 100.0, "percent_statements_covered_display": "100", "num_branches": 0, "num_partial_branches": 0, "covered_branches": 0, "missing_branches": 0, "percent_branches_covered": 100.0, "percent_branches_covered_display": "100"}, "missing_lines": [], "excluded_lines": [], "start_line": 21, "executed_branches": [], "missing_branches": []}, "": {"executed_lines": [3, 5, 6, 7, 9, 10, 11, 12, 13, 14, 15, 17, 20, 21, 22, 23, 24, 25, 28, 29, 38, 47, 48, 49, 50, 51, 54, 55, 56, 57, 58, 59, 60, 61, 62, 63, 76, 77, 78, 89, 90, 91, 95, 98, 104, 105, 106, 107, 108, 109, 110, 111, 116, 117, 118, 119, 120, 121, 136, 137, 140, 143, 150, 161], "summary": {"covered_lines": 64, "num_statements": 66, "percent_covered": 95.94594594594595, "percent_covered_display": "96", "missing_lines": 2, "excluded_lines": 0, "percent_statements_covered": 96.96969696969697, "percent_statements_covered_display": "97", "num_branches": 8, "num_partial_branches": 1, "covered_branches": 7, "missing_branches": 1, "percent_branches_covered": 87.5, "percent_branches_covered_display": "88"}, "missing_lines": [52, 164], "excluded_lines": [], "start_line": 1, "executed_branches": [[51, 54], [57, 58], [57, 76], [119, 120], [119, 136], [120, 119], [120, 121]], "missing_branches": [[51, 52]]}}}, "src/site_intelligence/optimization.py": {"executed_lines": [3, 5, 7, 8, 10, 11, 14, 15, 16, 17, 18, 21, 35, 36, 37, 38, 39, 40, 42, 46, 47, 52, 53, 54, 55, 56, 57, 65, 66, 68, 69, 70, 71, 72, 76, 81, 82, 83, 84, 85, 86, 90, 95, 99, 102, 108, 109, 110, 111, 112, 116, 117, 118, 119, 122, 127, 128, 129, 134, 138, 142, 149, 153, 154, 168, 187], "summary": {"covered_lines": 66, "num_statements": 66, "percent_covered": 100.0, "percent_covered_display": "100", "missing_lines": 0, "excluded_lines": 0, "percent_statements_covered": 100.0, "percent_statements_covered_display": "100", "num_branches": 18, "num_partial_branches": 0, "covered_branches": 18, "missing_branches": 0, "percent_branches_covered": 100.0, "percent_branches_covered_display": "100"}, "missing_lines": [], "excluded_lines": [], "executed_branches": [[39, 40], [39, 42], [54, 55], [54, 65], [55, 54], [55, 56], [56, 55], [56, 57], [70, 71], [70, 187], [84, 85], [84, 95], [109, 110], [109, 111], [111, 112], [111, 116], [149, 153], [149, 168]], "missing_branches": [], "functions": {"optimize_portfolios": {"executed_lines": [35, 36, 37, 38, 39, 40, 42, 46, 47, 52, 53, 54, 55, 56, 57, 65, 66, 68, 69, 70, 71, 72, 76, 81, 82, 83, 84, 85, 86, 90, 95, 99, 102, 108, 109, 110, 111, 112, 116, 117, 118, 119, 122, 127, 128, 129, 134, 138, 142, 149, 153, 154, 168, 187], "summary": {"covered_lines": 54, "num_statements": 54, "percent_covered": 100.0, "percent_covered_display": "100", "missing_lines": 0, "excluded_lines": 0, "percent_statements_covered": 100.0, "percent_statements_covered_display": "100", "num_branches": 18, "num_partial_branches": 0, "covered_branches": 18, "missing_branches": 0, "percent_branches_covered": 100.0, "percent_branches_covered_display": "100"}, "missing_lines": [], "excluded_lines": [], "start_line": 21, "executed_branches": [[39, 40], [39, 42], [54, 55], [54, 65], [55, 54], [55, 56], [56, 55], [56, 57], [70, 71], [70, 187], [84, 85], [84, 95], [109, 110], [109, 111], [111, 112], [111, 116], [149, 153], [149, 168]], "missing_branches": []}, "": {"executed_lines": [3, 5, 7, 8, 10, 11, 14, 15, 16, 17, 18, 21], "summary": {"covered_lines": 12, "num_statements": 12, "percent_covered": 100.0, "percent_covered_display": "100", "missing_lines": 0, "excluded_lines": 0, "percent_statements_covered": 100.0, "percent_statements_covered_display": "100", "num_branches": 0, "num_partial_branches": 0, "covered_branches": 0, "missing_branches": 0, "percent_branches_covered": 100.0, "percent_branches_covered_display": "100"}, "missing_lines": [], "excluded_lines": [], "start_line": 1, "executed_branches": [], "missing_branches": []}}, "classes": {"OptimizationResult": {"executed_lines": [], "summary": {"covered_lines": 0, "num_statements": 0, "percent_covered": 100.0, "percent_covered_display": "100", "missing_lines": 0, "excluded_lines": 0, "percent_statements_covered": 100.0, "percent_statements_covered_display": "100", "num_branches": 0, "num_partial_branches": 0, "covered_branches": 0, "missing_branches": 0, "percent_branches_covered": 100.0, "percent_branches_covered_display": "100"}, "missing_lines": [], "excluded_lines": [], "start_line": 15, "executed_branches": [], "missing_branches": []}, "": {"executed_lines": [3, 5, 7, 8, 10, 11, 14, 15, 16, 17, 18, 21, 35, 36, 37, 38, 39, 40, 42, 46, 47, 52, 53, 54, 55, 56, 57, 65, 66, 68, 69, 70, 71, 72, 76, 81, 82, 83, 84, 85, 86, 90, 95, 99, 102, 108, 109, 110, 111, 112, 116, 117, 118, 119, 122, 127, 128, 129, 134, 138, 142, 149, 153, 154, 168, 187], "summary": {"covered_lines": 66, "num_statements": 66, "percent_covered": 100.0, "percent_covered_display": "100", "missing_lines": 0, "excluded_lines": 0, "percent_statements_covered": 100.0, "percent_statements_covered_display": "100", "num_branches": 18, "num_partial_branches": 0, "covered_branches": 18, "missing_branches": 0, "percent_branches_covered": 100.0, "percent_branches_covered_display": "100"}, "missing_lines": [], "excluded_lines": [], "start_line": 1, "executed_branches": [[39, 40], [39, 42], [54, 55], [54, 65], [55, 54], [55, 56], [56, 55], [56, 57], [70, 71], [70, 187], [84, 85], [84, 95], [109, 110], [109, 111], [111, 112], [111, 116], [149, 153], [149, 168]], "missing_branches": []}}}, "src/site_intelligence/pipeline.py": {"executed_lines": [3, 5, 6, 7, 8, 10, 11, 12, 13, 15, 16, 17, 18, 19, 29, 30, 36, 41, 42, 43, 46, 47, 48, 49, 52, 53, 54, 57, 58, 59, 62, 67, 68, 69, 70, 71, 72, 73, 74, 75, 76, 77, 78, 79, 80, 81, 84, 89, 90, 93, 96, 97, 98, 99, 100, 101, 103, 104, 105, 106, 108, 114, 115, 122, 131, 142, 150, 152, 161, 167, 168, 175, 176, 181, 183, 184, 196, 208, 209, 211, 212, 213, 214, 215, 216, 217, 218, 219, 220, 221, 222, 226, 227, 228, 231, 235, 236, 239, 242, 243, 244, 245, 246, 251, 252, 262, 269, 274, 279, 285, 291, 295, 296, 300, 305, 310, 316, 324, 325, 326, 327, 352, 353], "summary": {"covered_lines": 123, "num_statements": 125, "percent_covered": 97.74436090225564, "percent_covered_display": "98", "missing_lines": 2, "excluded_lines": 0, "percent_statements_covered": 98.4, "percent_statements_covered_display": "98", "num_branches": 8, "num_partial_branches": 1, "covered_branches": 7, "missing_branches": 1, "percent_branches_covered": 87.5, "percent_branches_covered_display": "88"}, "missing_lines": [190, 191], "excluded_lines": [], "executed_branches": [[70, 71], [70, 74], [72, 70], [72, 73], [76, 77], [76, 78], [183, 184]], "missing_branches": [[183, 190]], "functions": {"_write_json": {"executed_lines": [47, 48, 49], "summary": {"covered_lines": 3, "num_statements": 3, "percent_covered": 100.0, "percent_covered_display": "100", "missing_lines": 0, "excluded_lines": 0, "percent_statements_covered": 100.0, "percent_statements_covered_display": "100", "num_branches": 0, "num_partial_branches": 0, "covered_branches": 0, "missing_branches": 0, "percent_branches_covered": 100.0, "percent_branches_covered_display": "100"}, "missing_lines": [], "excluded_lines": [], "start_line": 46, "executed_branches": [], "missing_branches": []}, "_write_geodata": {"executed_lines": [53, 54], "summary": {"covered_lines": 2, "num_statements": 2, "percent_covered": 100.0, "percent_covered_display": "100", "missing_lines": 0, "excluded_lines": 0, "percent_statements_covered": 100.0, "percent_statements_covered_display": "100", "num_branches": 0, "num_partial_branches": 0, "covered_branches": 0, "missing_branches": 0, "percent_branches_covered": 100.0, "percent_branches_covered_display": "100"}, "missing_lines": [], "excluded_lines": [], "start_line": 52, "executed_branches": [], "missing_branches": []}, "_write_csv": {"executed_lines": [58, 59], "summary": {"covered_lines": 2, "num_statements": 2, "percent_covered": 100.0, "percent_covered_display": "100", "missing_lines": 0, "excluded_lines": 0, "percent_statements_covered": 100.0, "percent_statements_covered_display": "100", "num_branches": 0, "num_partial_branches": 0, "covered_branches": 0, "missing_branches": 0, "percent_branches_covered": 100.0, "percent_branches_covered_display": "100"}, "missing_lines": [], "excluded_lines": [], "start_line": 57, "executed_branches": [], "missing_branches": []}, "_add_grid_white_space": {"executed_lines": [67, 68, 69, 70, 71, 72, 73, 74, 75, 76, 77, 78, 79, 80, 81, 84, 89, 90], "summary": {"covered_lines": 18, "num_statements": 18, "percent_covered": 100.0, "percent_covered_display": "100", "missing_lines": 0, "excluded_lines": 0, "percent_statements_covered": 100.0, "percent_statements_covered_display": "100", "num_branches": 6, "num_partial_branches": 0, "covered_branches": 6, "missing_branches": 0, "percent_branches_covered": 100.0, "percent_branches_covered_display": "100"}, "missing_lines": [], "excluded_lines": [], "start_line": 62, "executed_branches": [[70, 71], [70, 74], [72, 70], [72, 73], [76, 77], [76, 78]], "missing_branches": []}, "run_pipeline": {"executed_lines": [96, 97, 98, 99, 100, 101, 103, 104, 105, 106, 108, 114, 115, 122, 131, 142, 150, 152, 161, 167, 168, 175, 176, 181, 183, 184, 196, 208, 209, 211, 212, 213, 214, 215, 216, 217, 218, 219, 220, 221, 222, 226, 227, 228, 231, 235, 236, 239, 242, 243, 244, 245, 246, 251, 252, 262, 269, 274, 279, 285, 291, 295, 296, 300, 305, 310, 316, 324, 325, 326, 327, 352, 353], "summary": {"covered_lines": 73, "num_statements": 75, "percent_covered": 96.1038961038961, "percent_covered_display": "96", "missing_lines": 2, "excluded_lines": 0, "percent_statements_covered": 97.33333333333333, "percent_statements_covered_display": "97", "num_branches": 2, "num_partial_branches": 1, "covered_branches": 1, "missing_branches": 1, "percent_branches_covered": 50.0, "percent_branches_covered_display": "50"}, "missing_lines": [190, 191], "excluded_lines": [], "start_line": 93, "executed_branches": [[183, 184]], "missing_branches": [[183, 190]]}, "": {"executed_lines": [3, 5, 6, 7, 8, 10, 11, 12, 13, 15, 16, 17, 18, 19, 29, 30, 36, 41, 42, 43, 46, 52, 57, 62, 93], "summary": {"covered_lines": 25, "num_statements": 25, "percent_covered": 100.0, "percent_covered_display": "100", "missing_lines": 0, "excluded_lines": 0, "percent_statements_covered": 100.0, "percent_statements_covered_display": "100", "num_branches": 0, "num_partial_branches": 0, "covered_branches": 0, "missing_branches": 0, "percent_branches_covered": 100.0, "percent_branches_covered_display": "100"}, "missing_lines": [], "excluded_lines": [], "start_line": 1, "executed_branches": [], "missing_branches": []}}, "classes": {"": {"executed_lines": [3, 5, 6, 7, 8, 10, 11, 12, 13, 15, 16, 17, 18, 19, 29, 30, 36, 41, 42, 43, 46, 47, 48, 49, 52, 53, 54, 57, 58, 59, 62, 67, 68, 69, 70, 71, 72, 73, 74, 75, 76, 77, 78, 79, 80, 81, 84, 89, 90, 93, 96, 97, 98, 99, 100, 101, 103, 104, 105, 106, 108, 114, 115, 122, 131, 142, 150, 152, 161, 167, 168, 175, 176, 181, 183, 184, 196, 208, 209, 211, 212, 213, 214, 215, 216, 217, 218, 219, 220, 221, 222, 226, 227, 228, 231, 235, 236, 239, 242, 243, 244, 245, 246, 251, 252, 262, 269, 274, 279, 285, 291, 295, 296, 300, 305, 310, 316, 324, 325, 326, 327, 352, 353], "summary": {"covered_lines": 123, "num_statements": 125, "percent_covered": 97.74436090225564, "percent_covered_display": "98", "missing_lines": 2, "excluded_lines": 0, "percent_statements_covered": 98.4, "percent_statements_covered_display": "98", "num_branches": 8, "num_partial_branches": 1, "covered_branches": 7, "missing_branches": 1, "percent_branches_covered": 87.5, "percent_branches_covered_display": "88"}, "missing_lines": [190, 191], "excluded_lines": [], "start_line": 1, "executed_branches": [[70, 71], [70, 74], [72, 70], [72, 73], [76, 77], [76, 78], [183, 184]], "missing_branches": [[183, 190]]}}}, "src/site_intelligence/quality.py": {"executed_lines": [3, 5, 6, 8, 9, 11, 14, 15, 16, 17, 18, 19, 20, 21, 24, 32, 33, 34, 40, 41, 45, 46, 52, 53, 54, 65, 66, 72, 83, 84, 94, 95, 96, 106, 109, 116, 117, 118, 128, 131, 139, 140, 141, 142, 143, 144, 145, 146, 150, 153, 156], "summary": {"covered_lines": 51, "num_statements": 52, "percent_covered": 95.0, "percent_covered_display": "95", "missing_lines": 1, "excluded_lines": 0, "percent_statements_covered": 98.07692307692308, "percent_statements_covered_display": "98", "num_branches": 8, "num_partial_branches": 2, "covered_branches": 6, "missing_branches": 2, "percent_branches_covered": 75.0, "percent_branches_covered_display": "75"}, "missing_lines": [147], "excluded_lines": [], "executed_branches": [[94, 95], [140, 141], [140, 142], [142, 143], [142, 144], [146, 150]], "missing_branches": [[94, 106], [146, 147]], "functions": {"validate_geodataframe": {"executed_lines": [32, 33, 34, 40, 41, 45, 46, 52, 53, 54, 65, 66, 72, 83, 84, 94, 95, 96, 106], "summary": {"covered_lines": 19, "num_statements": 19, "percent_covered": 95.23809523809524, "percent_covered_display": "95", "missing_lines": 0, "excluded_lines": 0, "percent_statements_covered": 100.0, "percent_statements_covered_display": "100", "num_branches": 2, "num_partial_branches": 1, "covered_branches": 1, "missing_branches": 1, "percent_branches_covered": 50.0, "percent_branches_covered_display": "50"}, "missing_lines": [], "excluded_lines": [], "start_line": 24, "executed_branches": [[94, 95]], "missing_branches": [[94, 106]]}, "validate_spatial_coverage": {"executed_lines": [116, 117, 118], "summary": {"covered_lines": 3, "num_statements": 3, "percent_covered": 100.0, "percent_covered_display": "100", "missing_lines": 0, "excluded_lines": 0, "percent_statements_covered": 100.0, "percent_statements_covered_display": "100", "num_branches": 0, "num_partial_branches": 0, "covered_branches": 0, "missing_branches": 0, "percent_branches_covered": 100.0, "percent_branches_covered_display": "100"}, "missing_lines": [], "excluded_lines": [], "start_line": 109, "executed_branches": [], "missing_branches": []}, "run_quality_suite": {"executed_lines": [131, 139, 140, 141, 142, 143, 144, 145, 146, 150], "summary": {"covered_lines": 10, "num_statements": 11, "percent_covered": 88.23529411764706, "percent_covered_display": "88", "missing_lines": 1, "excluded_lines": 0, "percent_statements_covered": 90.9090909090909, "percent_statements_covered_display": "91", "num_branches": 6, "num_partial_branches": 1, "covered_branches": 5, "missing_branches": 1, "percent_branches_covered": 83.33333333333333, "percent_branches_covered_display": "83"}, "missing_lines": [147], "excluded_lines": [], "start_line": 128, "executed_branches": [[140, 141], [140, 142], [142, 143], [142, 144], [146, 150]], "missing_branches": [[146, 147]]}, "quality_summary": {"executed_lines": [156], "summary": {"covered_lines": 1, "num_statements": 1, "percent_covered": 100.0, "percent_covered_display": "100", "missing_lines": 0, "excluded_lines": 0, "percent_statements_covered": 100.0, "percent_statements_covered_display": "100", "num_branches": 0, "num_partial_branches": 0, "covered_branches": 0, "missing_branches": 0, "percent_branches_covered": 100.0, "percent_branches_covered_display": "100"}, "missing_lines": [], "excluded_lines": [], "start_line": 153, "executed_branches": [], "missing_branches": []}, "": {"executed_lines": [3, 5, 6, 8, 9, 11, 14, 15, 16, 17, 18, 19, 20, 21, 24, 109, 128, 153], "summary": {"covered_lines": 18, "num_statements": 18, "percent_covered": 100.0, "percent_covered_display": "100", "missing_lines": 0, "excluded_lines": 0, "percent_statements_covered": 100.0, "percent_statements_covered_display": "100", "num_branches": 0, "num_partial_branches": 0, "covered_branches": 0, "missing_branches": 0, "percent_branches_covered": 100.0, "percent_branches_covered_display": "100"}, "missing_lines": [], "excluded_lines": [], "start_line": 1, "executed_branches": [], "missing_branches": []}}, "classes": {"QualityCheck": {"executed_lines": [], "summary": {"covered_lines": 0, "num_statements": 0, "percent_covered": 100.0, "percent_covered_display": "100", "missing_lines": 0, "excluded_lines": 0, "percent_statements_covered": 100.0, "percent_statements_covered_display": "100", "num_branches": 0, "num_partial_branches": 0, "covered_branches": 0, "missing_branches": 0, "percent_branches_covered": 100.0, "percent_branches_covered_display": "100"}, "missing_lines": [], "excluded_lines": [], "start_line": 15, "executed_branches": [], "missing_branches": []}, "": {"executed_lines": [3, 5, 6, 8, 9, 11, 14, 15, 16, 17, 18, 19, 20, 21, 24, 32, 33, 34, 40, 41, 45, 46, 52, 53, 54, 65, 66, 72, 83, 84, 94, 95, 96, 106, 109, 116, 117, 118, 128, 131, 139, 140, 141, 142, 143, 144, 145, 146, 150, 153, 156], "summary": {"covered_lines": 51, "num_statements": 52, "percent_covered": 95.0, "percent_covered_display": "95", "missing_lines": 1, "excluded_lines": 0, "percent_statements_covered": 98.07692307692308, "percent_statements_covered_display": "98", "num_branches": 8, "num_partial_branches": 2, "covered_branches": 6, "missing_branches": 2, "percent_branches_covered": 75.0, "percent_branches_covered_display": "75"}, "missing_lines": [147], "excluded_lines": [], "start_line": 1, "executed_branches": [[94, 95], [140, 141], [140, 142], [142, 143], [142, 144], [146, 150]], "missing_branches": [[94, 106], [146, 147]]}}}, "src/site_intelligence/scoring.py": {"executed_lines": [3, 5, 7, 8, 10, 13, 14, 15, 16, 17, 18, 19, 20, 21, 24, 27, 28, 29, 34, 37, 40, 41, 42, 43, 44, 45, 46, 47, 48, 49, 50, 51, 52, 59, 60, 61, 65, 70, 75, 76, 79, 85, 90, 93, 94, 95, 99, 148, 151, 161, 162, 163, 164, 165, 166, 168, 169, 170, 173, 175, 176, 177, 178, 179, 180, 190, 191, 193, 196, 197, 198, 199, 200, 201, 202, 203, 204, 215, 217, 218, 219, 220, 221, 222, 223, 224, 225, 226, 227, 240], "summary": {"covered_lines": 90, "num_statements": 90, "percent_covered": 100.0, "percent_covered_display": "100", "missing_lines": 0, "excluded_lines": 0, "percent_statements_covered": 100.0, "percent_statements_covered_display": "100", "num_branches": 12, "num_partial_branches": 0, "covered_branches": 12, "missing_branches": 0, "percent_branches_covered": 100.0, "percent_branches_covered_display": "100"}, "missing_lines": [], "excluded_lines": [], "executed_branches": [[164, 165], [164, 168], [176, 177], [176, 190], [177, 176], [177, 178], [202, 203], [202, 215], [219, 220], [219, 240], [220, 219], [220, 221]], "missing_branches": [], "functions": {"minmax": {"executed_lines": [27, 28, 29, 34], "summary": {"covered_lines": 4, "num_statements": 4, "percent_covered": 100.0, "percent_covered_display": "100", "missing_lines": 0, "excluded_lines": 0, "percent_statements_covered": 100.0, "percent_statements_covered_display": "100", "num_branches": 0, "num_partial_branches": 0, "covered_branches": 0, "missing_branches": 0, "percent_branches_covered": 100.0, "percent_branches_covered_display": "100"}, "missing_lines": [], "excluded_lines": [], "start_line": 24, "executed_branches": [], "missing_branches": []}, "ahp_from_weights": {"executed_lines": [40, 41, 42, 43, 44, 45, 46, 47, 48, 49, 50, 51, 52], "summary": {"covered_lines": 13, "num_statements": 13, "percent_covered": 100.0, "percent_covered_display": "100", "missing_lines": 0, "excluded_lines": 0, "percent_statements_covered": 100.0, "percent_statements_covered_display": "100", "num_branches": 0, "num_partial_branches": 0, "covered_branches": 0, "missing_branches": 0, "percent_branches_covered": 100.0, "percent_branches_covered_display": "100"}, "missing_lines": [], "excluded_lines": [], "start_line": 37, "executed_branches": [], "missing_branches": []}, "_derive_factors": {"executed_lines": [60, 61, 65, 70, 75, 76, 79, 85, 90, 93, 94, 95, 99, 148], "summary": {"covered_lines": 14, "num_statements": 14, "percent_covered": 100.0, "percent_covered_display": "100", "missing_lines": 0, "excluded_lines": 0, "percent_statements_covered": 100.0, "percent_statements_covered_display": "100", "num_branches": 0, "num_partial_branches": 0, "covered_branches": 0, "missing_branches": 0, "percent_branches_covered": 100.0, "percent_branches_covered_display": "100"}, "missing_lines": [], "excluded_lines": [], "start_line": 59, "executed_branches": [], "missing_branches": []}, "score_candidates": {"executed_lines": [161, 162, 163, 164, 165, 166, 168, 169, 170, 173, 175, 176, 177, 178, 179, 180, 190, 191, 193, 196, 197, 198, 199, 200, 201, 202, 203, 204, 215, 217, 218, 219, 220, 221, 222, 223, 224, 225, 226, 227, 240], "summary": {"covered_lines": 41, "num_statements": 41, "percent_covered": 100.0, "percent_covered_display": "100", "missing_lines": 0, "excluded_lines": 0, "percent_statements_covered": 100.0, "percent_statements_covered_display": "100", "num_branches": 12, "num_partial_branches": 0, "covered_branches": 12, "missing_branches": 0, "percent_branches_covered": 100.0, "percent_branches_covered_display": "100"}, "missing_lines": [], "excluded_lines": [], "start_line": 151, "executed_branches": [[164, 165], [164, 168], [176, 177], [176, 190], [177, 176], [177, 178], [202, 203], [202, 215], [219, 220], [219, 240], [220, 219], [220, 221]], "missing_branches": []}, "": {"executed_lines": [3, 5, 7, 8, 10, 13, 14, 15, 16, 17, 18, 19, 20, 21, 24, 37, 59, 151], "summary": {"covered_lines": 18, "num_statements": 18, "percent_covered": 100.0, "percent_covered_display": "100", "missing_lines": 0, "excluded_lines": 0, "percent_statements_covered": 100.0, "percent_statements_covered_display": "100", "num_branches": 0, "num_partial_branches": 0, "covered_branches": 0, "missing_branches": 0, "percent_branches_covered": 100.0, "percent_branches_covered_display": "100"}, "missing_lines": [], "excluded_lines": [], "start_line": 1, "executed_branches": [], "missing_branches": []}}, "classes": {"ScoreResult": {"executed_lines": [], "summary": {"covered_lines": 0, "num_statements": 0, "percent_covered": 100.0, "percent_covered_display": "100", "missing_lines": 0, "excluded_lines": 0, "percent_statements_covered": 100.0, "percent_statements_covered_display": "100", "num_branches": 0, "num_partial_branches": 0, "covered_branches": 0, "missing_branches": 0, "percent_branches_covered": 100.0, "percent_branches_covered_display": "100"}, "missing_lines": [], "excluded_lines": [], "start_line": 14, "executed_branches": [], "missing_branches": []}, "": {"executed_lines": [3, 5, 7, 8, 10, 13, 14, 15, 16, 17, 18, 19, 20, 21, 24, 27, 28, 29, 34, 37, 40, 41, 42, 43, 44, 45, 46, 47, 48, 49, 50, 51, 52, 59, 60, 61, 65, 70, 75, 76, 79, 85, 90, 93, 94, 95, 99, 148, 151, 161, 162, 163, 164, 165, 166, 168, 169, 170, 173, 175, 176, 177, 178, 179, 180, 190, 191, 193, 196, 197, 198, 199, 200, 201, 202, 203, 204, 215, 217, 218, 219, 220, 221, 222, 223, 224, 225, 226, 227, 240], "summary": {"covered_lines": 90, "num_statements": 90, "percent_covered": 100.0, "percent_covered_display": "100", "missing_lines": 0, "excluded_lines": 0, "percent_statements_covered": 100.0, "percent_statements_covered_display": "100", "num_branches": 12, "num_partial_branches": 0, "covered_branches": 12, "missing_branches": 0, "percent_branches_covered": 100.0, "percent_branches_covered_display": "100"}, "missing_lines": [], "excluded_lines": [], "start_line": 1, "executed_branches": [[164, 165], [164, 168], [176, 177], [176, 190], [177, 176], [177, 178], [202, 203], [202, 215], [219, 220], [219, 240], [220, 219], [220, 221]], "missing_branches": []}}}}, "totals": {"covered_lines": 1019, "num_statements": 1045, "percent_covered": 96.44334160463193, "percent_covered_display": "96", "missing_lines": 26, "excluded_lines": 0, "percent_statements_covered": 97.51196172248804, "percent_statements_covered_display": "98", "num_branches": 164, "num_partial_branches": 11, "covered_branches": 147, "missing_branches": 17, "percent_branches_covered": 89.63414634146342, "percent_branches_covered_display": "90"}}