<?xml version="1.0" encoding="utf-8"?><testsuites name="pytest tests"><testsuite name="pytest" errors="0" failures="0" skipped="0" tests="13" time="19.533" timestamp="2026-07-29T11:17:53.162159-04:00" hostname="9c634044915d"><testcase classname="tests.test_api" name="test_health_and_candidates" time="0.034" /><testcase classname="tests.test_api" name="test_candidate_detail_and_not_found" time="0.022" /><testcase classname="tests.test_api" name="test_custom_weight_scoring" time="0.029" /><testcase classname="tests.test_api" name="test_scenario_and_metrics" time="0.022" /><testcase classname="tests.test_geo_and_quality" name="test_deterministic_candidate_generation" time="0.009" /><testcase classname="tests.test_geo_and_quality" name="test_reference_entities_and_footprint" time="0.004" /><testcase classname="tests.test_geo_and_quality" name="test_geodesic_and_sigmoid_helpers" time="0.000" /><testcase classname="tests.test_geo_and_quality" name="test_quality_check_detects_duplicate_geometry" time="0.007" /><testcase classname="tests.test_pipeline_outputs" name="test_checked_in_pipeline_outputs" time="0.005" /><testcase classname="tests.test_pipeline_outputs" name="test_end_to_end_pipeline_is_reproducible" time="14.258" /><testcase classname="tests.test_scoring" name="test_minmax_direction_and_constant" time="0.001" /><testcase classname="tests.test_scoring" name="test_ahp_consistency" time="0.001" /><testcase classname="tests.test_scoring" name="test_scoring_contributions_reconcile" time="0.042" /></testsuite></testsuites>